Analysis & Synthesis report for pratica2
Thu Sep 28 09:59:31 2023
Quartus II 64-Bit Version 13.0.1 Build 232 06/12/2013 Service Pack 1 SJ Web Edition


---------------------
; Table of Contents ;
---------------------
  1. Legal Notice
  2. Analysis & Synthesis Summary
  3. Analysis & Synthesis Settings
  4. Parallel Compilation
  5. Analysis & Synthesis Source Files Read
  6. Analysis & Synthesis Resource Usage Summary
  7. Analysis & Synthesis Resource Utilization by Entity
  8. Analysis & Synthesis RAM Summary
  9. Analysis & Synthesis IP Cores Summary
 10. User-Specified and Inferred Latches
 11. General Register Statistics
 12. Inverted Register Statistics
 13. Multiplexer Restructuring Statistics (Restructuring Performed)
 14. Source assignments for mem_ram:mem_data|altsyncram:altsyncram_component|altsyncram_35e1:auto_generated
 15. Parameter Settings for User Entity Instance: mem_ram:mem_data|altsyncram:altsyncram_component
 16. altsyncram Parameter Settings by Entity Instance
 17. Port Connectivity Checks: "mem_ram:mem_data"
 18. Port Connectivity Checks: "proc:processador|RegN_addr:reg_addr"
 19. Port Connectivity Checks: "proc:processador|RegN_pc:R7"
 20. Port Connectivity Checks: "proc:processador|RegIR:IR_reg"
 21. Port Connectivity Checks: "proc:processador|ControlUnit:CU"
 22. Port Connectivity Checks: "proc:processador"
 23. Elapsed Time Per Partition
 24. Analysis & Synthesis Messages
 25. Analysis & Synthesis Suppressed Messages



----------------
; Legal Notice ;
----------------
Copyright (C) 1991-2013 Altera Corporation
Your use of Altera Corporation's design tools, logic functions 
and other software and tools, and its AMPP partner logic 
functions, and any output files from any of the foregoing 
(including device programming or simulation files), and any 
associated documentation or information are expressly subject 
to the terms and conditions of the Altera Program License 
Subscription Agreement, Altera MegaCore Function License 
Agreement, or other applicable license agreement, including, 
without limitation, that your use is for the sole purpose of 
programming logic devices manufactured by Altera and sold by 
Altera or its authorized distributors.  Please refer to the 
applicable agreement for further details.



+--------------------------------------------------------------------------------------+
; Analysis & Synthesis Summary                                                         ;
+------------------------------------+-------------------------------------------------+
; Analysis & Synthesis Status        ; Successful - Thu Sep 28 09:59:31 2023           ;
; Quartus II 64-Bit Version          ; 13.0.1 Build 232 06/12/2013 SP 1 SJ Web Edition ;
; Revision Name                      ; pratica2                                        ;
; Top-level Entity Name              ; pratica2                                        ;
; Family                             ; Cyclone II                                      ;
; Total logic elements               ; 703                                             ;
;     Total combinational functions  ; 570                                             ;
;     Dedicated logic registers      ; 222                                             ;
; Total registers                    ; 222                                             ;
; Total pins                         ; 178                                             ;
; Total virtual pins                 ; 0                                               ;
; Total memory bits                  ; 512                                             ;
; Embedded Multiplier 9-bit elements ; 0                                               ;
; Total PLLs                         ; 0                                               ;
+------------------------------------+-------------------------------------------------+


+----------------------------------------------------------------------------------------------------------------------+
; Analysis & Synthesis Settings                                                                                        ;
+----------------------------------------------------------------------------+--------------------+--------------------+
; Option                                                                     ; Setting            ; Default Value      ;
+----------------------------------------------------------------------------+--------------------+--------------------+
; Device                                                                     ; EP2C35F672C6       ;                    ;
; Top-level entity name                                                      ; pratica2           ; pratica2           ;
; Family name                                                                ; Cyclone II         ; Cyclone IV GX      ;
; Use smart compilation                                                      ; Off                ; Off                ;
; Enable parallel Assembler and TimeQuest Timing Analyzer during compilation ; On                 ; On                 ;
; Enable compact report table                                                ; Off                ; Off                ;
; Restructure Multiplexers                                                   ; Auto               ; Auto               ;
; Create Debugging Nodes for IP Cores                                        ; Off                ; Off                ;
; Preserve fewer node names                                                  ; On                 ; On                 ;
; Disable OpenCore Plus hardware evaluation                                  ; Off                ; Off                ;
; Verilog Version                                                            ; Verilog_2001       ; Verilog_2001       ;
; VHDL Version                                                               ; VHDL_1993          ; VHDL_1993          ;
; State Machine Processing                                                   ; Auto               ; Auto               ;
; Safe State Machine                                                         ; Off                ; Off                ;
; Extract Verilog State Machines                                             ; On                 ; On                 ;
; Extract VHDL State Machines                                                ; On                 ; On                 ;
; Ignore Verilog initial constructs                                          ; Off                ; Off                ;
; Iteration limit for constant Verilog loops                                 ; 5000               ; 5000               ;
; Iteration limit for non-constant Verilog loops                             ; 250                ; 250                ;
; Add Pass-Through Logic to Inferred RAMs                                    ; On                 ; On                 ;
; Infer RAMs from Raw Logic                                                  ; On                 ; On                 ;
; Parallel Synthesis                                                         ; On                 ; On                 ;
; DSP Block Balancing                                                        ; Auto               ; Auto               ;
; NOT Gate Push-Back                                                         ; On                 ; On                 ;
; Power-Up Don't Care                                                        ; On                 ; On                 ;
; Remove Redundant Logic Cells                                               ; Off                ; Off                ;
; Remove Duplicate Registers                                                 ; On                 ; On                 ;
; Ignore CARRY Buffers                                                       ; Off                ; Off                ;
; Ignore CASCADE Buffers                                                     ; Off                ; Off                ;
; Ignore GLOBAL Buffers                                                      ; Off                ; Off                ;
; Ignore ROW GLOBAL Buffers                                                  ; Off                ; Off                ;
; Ignore LCELL Buffers                                                       ; Off                ; Off                ;
; Ignore SOFT Buffers                                                        ; On                 ; On                 ;
; Limit AHDL Integers to 32 Bits                                             ; Off                ; Off                ;
; Optimization Technique                                                     ; Balanced           ; Balanced           ;
; Carry Chain Length                                                         ; 70                 ; 70                 ;
; Auto Carry Chains                                                          ; On                 ; On                 ;
; Auto Open-Drain Pins                                                       ; On                 ; On                 ;
; Perform WYSIWYG Primitive Resynthesis                                      ; Off                ; Off                ;
; Auto ROM Replacement                                                       ; On                 ; On                 ;
; Auto RAM Replacement                                                       ; On                 ; On                 ;
; Auto Shift Register Replacement                                            ; Auto               ; Auto               ;
; Allow Shift Register Merging across Hierarchies                            ; Auto               ; Auto               ;
; Auto Clock Enable Replacement                                              ; On                 ; On                 ;
; Strict RAM Replacement                                                     ; Off                ; Off                ;
; Allow Synchronous Control Signals                                          ; On                 ; On                 ;
; Force Use of Synchronous Clear Signals                                     ; Off                ; Off                ;
; Auto RAM to Logic Cell Conversion                                          ; Off                ; Off                ;
; Auto Resource Sharing                                                      ; Off                ; Off                ;
; Allow Any RAM Size For Recognition                                         ; Off                ; Off                ;
; Allow Any ROM Size For Recognition                                         ; Off                ; Off                ;
; Allow Any Shift Register Size For Recognition                              ; Off                ; Off                ;
; Use LogicLock Constraints during Resource Balancing                        ; On                 ; On                 ;
; Ignore translate_off and synthesis_off directives                          ; Off                ; Off                ;
; Timing-Driven Synthesis                                                    ; Off                ; Off                ;
; Report Parameter Settings                                                  ; On                 ; On                 ;
; Report Source Assignments                                                  ; On                 ; On                 ;
; Report Connectivity Checks                                                 ; On                 ; On                 ;
; Ignore Maximum Fan-Out Assignments                                         ; Off                ; Off                ;
; Synchronization Register Chain Length                                      ; 2                  ; 2                  ;
; PowerPlay Power Optimization                                               ; Normal compilation ; Normal compilation ;
; HDL message level                                                          ; Level2             ; Level2             ;
; Suppress Register Optimization Related Messages                            ; Off                ; Off                ;
; Number of Removed Registers Reported in Synthesis Report                   ; 5000               ; 5000               ;
; Number of Swept Nodes Reported in Synthesis Report                         ; 5000               ; 5000               ;
; Number of Inverted Registers Reported in Synthesis Report                  ; 100                ; 100                ;
; Clock MUX Protection                                                       ; On                 ; On                 ;
; Auto Gated Clock Conversion                                                ; Off                ; Off                ;
; Block Design Naming                                                        ; Auto               ; Auto               ;
; SDC constraint protection                                                  ; Off                ; Off                ;
; Synthesis Effort                                                           ; Auto               ; Auto               ;
; Shift Register Replacement - Allow Asynchronous Clear Signal               ; On                 ; On                 ;
; Pre-Mapping Resynthesis Optimization                                       ; Off                ; Off                ;
; Analysis & Synthesis Message Level                                         ; Medium             ; Medium             ;
; Disable Register Merging Across Hierarchies                                ; Auto               ; Auto               ;
; Resource Aware Inference For Block RAM                                     ; On                 ; On                 ;
; Synthesis Seed                                                             ; 1                  ; 1                  ;
+----------------------------------------------------------------------------+--------------------+--------------------+


Parallel compilation was disabled, but you have multiple processors available. Enable parallel compilation to reduce compilation time.
+-------------------------------------+
; Parallel Compilation                ;
+----------------------------+--------+
; Processors                 ; Number ;
+----------------------------+--------+
; Number detected on machine ; 8      ;
; Maximum allowed            ; 1      ;
+----------------------------+--------+


+---------------------------------------------------------------------------------------------------------------------------------------------------------------------------------------------------------------------------------+
; Analysis & Synthesis Source Files Read                                                                                                                                                                                          ;
+----------------------------------+-----------------+----------------------------------+-------------------------------------------------------------------------------------------------------------------------------+---------+
; File Name with User-Entered Path ; Used in Netlist ; File Type                        ; File Name with Absolute Path                                                                                                  ; Library ;
+----------------------------------+-----------------+----------------------------------+-------------------------------------------------------------------------------------------------------------------------------+---------+
; mem_ram.v                        ; yes             ; User Wizard-Generated File       ; C:/Users/pedro/OneDrive/Documentos/CEFETMG/2023.2/Laboratório AOC II/Práticas AOC2/Prática 2/pratica02/mem_ram.v              ;         ;
; pratica2.v                       ; yes             ; User Verilog HDL File            ; C:/Users/pedro/OneDrive/Documentos/CEFETMG/2023.2/Laboratório AOC II/Práticas AOC2/Prática 2/pratica02/pratica2.v             ;         ;
; mem_ram.mif                      ; yes             ; User Memory Initialization File  ; C:/Users/pedro/OneDrive/Documentos/CEFETMG/2023.2/Laboratório AOC II/Práticas AOC2/Prática 2/pratica02/mem_ram.mif            ;         ;
; altsyncram.tdf                   ; yes             ; Megafunction                     ; c:/altera/13.0sp1/quartus/libraries/megafunctions/altsyncram.tdf                                                              ;         ;
; stratix_ram_block.inc            ; yes             ; Megafunction                     ; c:/altera/13.0sp1/quartus/libraries/megafunctions/stratix_ram_block.inc                                                       ;         ;
; lpm_mux.inc                      ; yes             ; Megafunction                     ; c:/altera/13.0sp1/quartus/libraries/megafunctions/lpm_mux.inc                                                                 ;         ;
; lpm_decode.inc                   ; yes             ; Megafunction                     ; c:/altera/13.0sp1/quartus/libraries/megafunctions/lpm_decode.inc                                                              ;         ;
; aglobal130.inc                   ; yes             ; Megafunction                     ; c:/altera/13.0sp1/quartus/libraries/megafunctions/aglobal130.inc                                                              ;         ;
; a_rdenreg.inc                    ; yes             ; Megafunction                     ; c:/altera/13.0sp1/quartus/libraries/megafunctions/a_rdenreg.inc                                                               ;         ;
; altrom.inc                       ; yes             ; Megafunction                     ; c:/altera/13.0sp1/quartus/libraries/megafunctions/altrom.inc                                                                  ;         ;
; altram.inc                       ; yes             ; Megafunction                     ; c:/altera/13.0sp1/quartus/libraries/megafunctions/altram.inc                                                                  ;         ;
; altdpram.inc                     ; yes             ; Megafunction                     ; c:/altera/13.0sp1/quartus/libraries/megafunctions/altdpram.inc                                                                ;         ;
; db/altsyncram_35e1.tdf           ; yes             ; Auto-Generated Megafunction      ; C:/Users/pedro/OneDrive/Documentos/CEFETMG/2023.2/Laboratório AOC II/Práticas AOC2/Prática 2/pratica02/db/altsyncram_35e1.tdf ;         ;
+----------------------------------+-----------------+----------------------------------+-------------------------------------------------------------------------------------------------------------------------------+---------+


+------------------------------------------------------+
; Analysis & Synthesis Resource Usage Summary          ;
+---------------------------------------------+--------+
; Resource                                    ; Usage  ;
+---------------------------------------------+--------+
; Estimated Total logic elements              ; 703    ;
;                                             ;        ;
; Total combinational functions               ; 570    ;
; Logic element usage by number of LUT inputs ;        ;
;     -- 4 input functions                    ; 292    ;
;     -- 3 input functions                    ; 178    ;
;     -- <=2 input functions                  ; 100    ;
;                                             ;        ;
; Logic elements by mode                      ;        ;
;     -- normal mode                          ; 509    ;
;     -- arithmetic mode                      ; 61     ;
;                                             ;        ;
; Total registers                             ; 222    ;
;     -- Dedicated logic registers            ; 222    ;
;     -- I/O registers                        ; 0      ;
;                                             ;        ;
; I/O pins                                    ; 178    ;
; Total memory bits                           ; 512    ;
; Embedded Multiplier 9-bit elements          ; 0      ;
; Maximum fan-out node                        ; PClock ;
; Maximum fan-out                             ; 238    ;
; Total fan-out                               ; 2853   ;
; Average fan-out                             ; 2.89   ;
+---------------------------------------------+--------+


+------------------------------------------------------------------------------------------------------------------------------------------------------------------------------------------------------------------------------------------------------------------+
; Analysis & Synthesis Resource Utilization by Entity                                                                                                                                                                                                              ;
+-------------------------------------------+-------------------+--------------+-------------+--------------+---------+-----------+------+--------------+-------------------------------------------------------------------------------------------+--------------+
; Compilation Hierarchy Node                ; LC Combinationals ; LC Registers ; Memory Bits ; DSP Elements ; DSP 9x9 ; DSP 18x18 ; Pins ; Virtual Pins ; Full Hierarchy Name                                                                       ; Library Name ;
+-------------------------------------------+-------------------+--------------+-------------+--------------+---------+-----------+------+--------------+-------------------------------------------------------------------------------------------+--------------+
; |pratica2                                 ; 570 (0)           ; 222 (0)      ; 512         ; 0            ; 0       ; 0         ; 178  ; 0            ; |pratica2                                                                                 ; work         ;
;    |mem_ram:mem_data|                     ; 0 (0)             ; 0 (0)        ; 512         ; 0            ; 0       ; 0         ; 0    ; 0            ; |pratica2|mem_ram:mem_data                                                                ; work         ;
;       |altsyncram:altsyncram_component|   ; 0 (0)             ; 0 (0)        ; 512         ; 0            ; 0       ; 0         ; 0    ; 0            ; |pratica2|mem_ram:mem_data|altsyncram:altsyncram_component                                ; work         ;
;          |altsyncram_35e1:auto_generated| ; 0 (0)             ; 0 (0)        ; 512         ; 0            ; 0       ; 0         ; 0    ; 0            ; |pratica2|mem_ram:mem_data|altsyncram:altsyncram_component|altsyncram_35e1:auto_generated ; work         ;
;    |proc:processador|                     ; 570 (150)         ; 222 (0)      ; 0           ; 0            ; 0       ; 0         ; 0    ; 0            ; |pratica2|proc:processador                                                                ; work         ;
;       |ALU:alu|                           ; 249 (249)         ; 0 (0)        ; 0           ; 0            ; 0       ; 0         ; 0    ; 0            ; |pratica2|proc:processador|ALU:alu                                                        ; work         ;
;       |ControlUnit:CU|                    ; 84 (84)           ; 0 (0)        ; 0           ; 0            ; 0       ; 0         ; 0    ; 0            ; |pratica2|proc:processador|ControlUnit:CU                                                 ; work         ;
;       |Counter:C|                         ; 3 (3)             ; 3 (3)        ; 0           ; 0            ; 0       ; 0         ; 0    ; 0            ; |pratica2|proc:processador|Counter:C                                                      ; work         ;
;       |Reg0:R0|                           ; 2 (2)             ; 16 (16)      ; 0           ; 0            ; 0       ; 0         ; 0    ; 0            ; |pratica2|proc:processador|Reg0:R0                                                        ; work         ;
;       |Reg1:R1|                           ; 2 (2)             ; 16 (16)      ; 0           ; 0            ; 0       ; 0         ; 0    ; 0            ; |pratica2|proc:processador|Reg1:R1                                                        ; work         ;
;       |Reg2:R2|                           ; 1 (1)             ; 16 (16)      ; 0           ; 0            ; 0       ; 0         ; 0    ; 0            ; |pratica2|proc:processador|Reg2:R2                                                        ; work         ;
;       |RegIR:IR_reg|                      ; 0 (0)             ; 10 (10)      ; 0           ; 0            ; 0       ; 0         ; 0    ; 0            ; |pratica2|proc:processador|RegIR:IR_reg                                                   ; work         ;
;       |RegN:A_reg|                        ; 0 (0)             ; 16 (16)      ; 0           ; 0            ; 0       ; 0         ; 0    ; 0            ; |pratica2|proc:processador|RegN:A_reg                                                     ; work         ;
;       |RegN:G_reg|                        ; 0 (0)             ; 16 (16)      ; 0           ; 0            ; 0       ; 0         ; 0    ; 0            ; |pratica2|proc:processador|RegN:G_reg                                                     ; work         ;
;       |RegN:R3|                           ; 0 (0)             ; 16 (16)      ; 0           ; 0            ; 0       ; 0         ; 0    ; 0            ; |pratica2|proc:processador|RegN:R3                                                        ; work         ;
;       |RegN:R4|                           ; 0 (0)             ; 16 (16)      ; 0           ; 0            ; 0       ; 0         ; 0    ; 0            ; |pratica2|proc:processador|RegN:R4                                                        ; work         ;
;       |RegN:R5|                           ; 0 (0)             ; 16 (16)      ; 0           ; 0            ; 0       ; 0         ; 0    ; 0            ; |pratica2|proc:processador|RegN:R5                                                        ; work         ;
;       |RegN:R6|                           ; 0 (0)             ; 16 (16)      ; 0           ; 0            ; 0       ; 0         ; 0    ; 0            ; |pratica2|proc:processador|RegN:R6                                                        ; work         ;
;       |RegN:reg_dout|                     ; 0 (0)             ; 16 (16)      ; 0           ; 0            ; 0       ; 0         ; 0    ; 0            ; |pratica2|proc:processador|RegN:reg_dout                                                  ; work         ;
;       |RegN_W:reg_W|                      ; 0 (0)             ; 1 (1)        ; 0           ; 0            ; 0       ; 0         ; 0    ; 0            ; |pratica2|proc:processador|RegN_W:reg_W                                                   ; work         ;
;       |RegN_addr:reg_addr|                ; 38 (38)           ; 32 (32)      ; 0           ; 0            ; 0       ; 0         ; 0    ; 0            ; |pratica2|proc:processador|RegN_addr:reg_addr                                             ; work         ;
;       |RegN_pc:R7|                        ; 36 (36)           ; 16 (16)      ; 0           ; 0            ; 0       ; 0         ; 0    ; 0            ; |pratica2|proc:processador|RegN_pc:R7                                                     ; work         ;
;       |RegUpcode:X|                       ; 5 (5)             ; 0 (0)        ; 0           ; 0            ; 0       ; 0         ; 0    ; 0            ; |pratica2|proc:processador|RegUpcode:X                                                    ; work         ;
+-------------------------------------------+-------------------+--------------+-------------+--------------+---------+-----------+------+--------------+-------------------------------------------------------------------------------------------+--------------+
Note: For table entries with two numbers listed, the numbers in parentheses indicate the number of resources of the given type used by the specific entity alone. The numbers listed outside of parentheses indicate the total resources of the given type used by the specific entity and all of its sub-entities in the hierarchy.


+--------------------------------------------------------------------------------------------------------------------------------------------------------------------------------------------------+
; Analysis & Synthesis RAM Summary                                                                                                                                                                 ;
+--------------------------------------------------------------------------------------------+------+-------------+--------------+--------------+--------------+--------------+------+-------------+
; Name                                                                                       ; Type ; Mode        ; Port A Depth ; Port A Width ; Port B Depth ; Port B Width ; Size ; MIF         ;
+--------------------------------------------------------------------------------------------+------+-------------+--------------+--------------+--------------+--------------+------+-------------+
; mem_ram:mem_data|altsyncram:altsyncram_component|altsyncram_35e1:auto_generated|ALTSYNCRAM ; M4K  ; Single Port ; 32           ; 16           ; --           ; --           ; 512  ; mem_ram.mif ;
+--------------------------------------------------------------------------------------------+------+-------------+--------------+--------------+--------------+--------------+------+-------------+


+---------------------------------------------------------------------------------------------------------------------------------------------------------------------------------------------------------------+
; Analysis & Synthesis IP Cores Summary                                                                                                                                                                         ;
+--------+--------------+---------+--------------+--------------+----------------------------+------------------------------------------------------------------------------------------------------------------+
; Vendor ; IP Core Name ; Version ; Release Date ; License Type ; Entity Instance            ; IP Include File                                                                                                  ;
+--------+--------------+---------+--------------+--------------+----------------------------+------------------------------------------------------------------------------------------------------------------+
; Altera ; RAM: 1-PORT  ; N/A     ; N/A          ; N/A          ; |pratica2|mem_ram:mem_data ; C:/Users/pedro/OneDrive/Documentos/CEFETMG/2023.2/Laboratório AOC II/Práticas AOC2/Prática 2/pratica02/mem_ram.v ;
+--------+--------------+---------+--------------+--------------+----------------------------+------------------------------------------------------------------------------------------------------------------+


+---------------------------------------------------------------------------------------------------------------------+
; User-Specified and Inferred Latches                                                                                 ;
+-----------------------------------------------------+--------------------------------------+------------------------+
; Latch Name                                          ; Latch Enable Signal                  ; Free of Timing Hazards ;
+-----------------------------------------------------+--------------------------------------+------------------------+
; proc:processador|BusWires[0]                        ; proc:processador|WideNor0            ; yes                    ;
; proc:processador|BusWires[1]                        ; proc:processador|WideNor0            ; yes                    ;
; proc:processador|BusWires[2]                        ; proc:processador|WideNor0            ; yes                    ;
; proc:processador|BusWires[3]                        ; proc:processador|WideNor0            ; yes                    ;
; proc:processador|BusWires[4]                        ; proc:processador|WideNor0            ; yes                    ;
; proc:processador|BusWires[5]                        ; proc:processador|WideNor0            ; yes                    ;
; proc:processador|BusWires[6]                        ; proc:processador|WideNor0            ; yes                    ;
; proc:processador|BusWires[7]                        ; proc:processador|WideNor0            ; yes                    ;
; proc:processador|BusWires[8]                        ; proc:processador|WideNor0            ; yes                    ;
; proc:processador|BusWires[9]                        ; proc:processador|WideNor0            ; yes                    ;
; proc:processador|BusWires[10]                       ; proc:processador|WideNor0            ; yes                    ;
; proc:processador|BusWires[11]                       ; proc:processador|WideNor0            ; yes                    ;
; proc:processador|BusWires[12]                       ; proc:processador|WideNor0            ; yes                    ;
; proc:processador|BusWires[13]                       ; proc:processador|WideNor0            ; yes                    ;
; proc:processador|BusWires[14]                       ; proc:processador|WideNor0            ; yes                    ;
; proc:processador|BusWires[15]                       ; proc:processador|WideNor0            ; yes                    ;
; proc:processador|ALU:alu|ALU_output[4]              ; proc:processador|ALU:alu|Mux16       ; yes                    ;
; proc:processador|ALU:alu|ALU_output[3]              ; proc:processador|ALU:alu|Mux16       ; yes                    ;
; proc:processador|ALU:alu|ALU_output[2]              ; proc:processador|ALU:alu|Mux16       ; yes                    ;
; proc:processador|ALU:alu|ALU_output[1]              ; proc:processador|ALU:alu|Mux16       ; yes                    ;
; proc:processador|ALU:alu|ALU_output[0]              ; proc:processador|ALU:alu|Mux16       ; yes                    ;
; proc:processador|ALU:alu|ALU_output[5]              ; proc:processador|ALU:alu|Mux16       ; yes                    ;
; proc:processador|ALU:alu|ALU_output[6]              ; proc:processador|ALU:alu|Mux16       ; yes                    ;
; proc:processador|ALU:alu|ALU_output[7]              ; proc:processador|ALU:alu|Mux16       ; yes                    ;
; proc:processador|ALU:alu|ALU_output[8]              ; proc:processador|ALU:alu|Mux16       ; yes                    ;
; proc:processador|ALU:alu|ALU_output[9]              ; proc:processador|ALU:alu|Mux16       ; yes                    ;
; proc:processador|ALU:alu|ALU_output[10]             ; proc:processador|ALU:alu|Mux16       ; yes                    ;
; proc:processador|ALU:alu|ALU_output[11]             ; proc:processador|ALU:alu|Mux16       ; yes                    ;
; proc:processador|ALU:alu|ALU_output[12]             ; proc:processador|ALU:alu|Mux16       ; yes                    ;
; proc:processador|ALU:alu|ALU_output[13]             ; proc:processador|ALU:alu|Mux16       ; yes                    ;
; proc:processador|ALU:alu|ALU_output[14]             ; proc:processador|ALU:alu|Mux16       ; yes                    ;
; proc:processador|ALU:alu|ALU_output[15]             ; proc:processador|ALU:alu|Mux16       ; yes                    ;
; proc:processador|ControlUnit:CU|ALUOp[2]            ; proc:processador|ControlUnit:CU|Mux0 ; yes                    ;
; proc:processador|ControlUnit:CU|ALUOp[1]            ; proc:processador|ControlUnit:CU|Mux2 ; yes                    ;
; proc:processador|ControlUnit:CU|ALUOp[0]            ; proc:processador|ControlUnit:CU|Mux2 ; yes                    ;
; Number of user-specified and inferred latches = 35  ;                                      ;                        ;
+-----------------------------------------------------+--------------------------------------+------------------------+
Note: All latches listed above may not be present at the end of synthesis due to various synthesis optimizations.


+------------------------------------------------------+
; General Register Statistics                          ;
+----------------------------------------------+-------+
; Statistic                                    ; Value ;
+----------------------------------------------+-------+
; Total registers                              ; 222   ;
; Number of registers using Synchronous Clear  ; 0     ;
; Number of registers using Synchronous Load   ; 0     ;
; Number of registers using Asynchronous Clear ; 0     ;
; Number of registers using Asynchronous Load  ; 0     ;
; Number of registers using Clock Enable       ; 217   ;
; Number of registers using Preset             ; 0     ;
+----------------------------------------------+-------+


+-----------------------------------------------------------+
; Inverted Register Statistics                              ;
+-------------------------------------------------+---------+
; Inverted Register                               ; Fan out ;
+-------------------------------------------------+---------+
; proc:processador|Reg0:R0|R_output[0]            ; 2       ;
; proc:processador|Reg0:R0|R_output[3]            ; 2       ;
; proc:processador|Reg1:R1|R_output[0]            ; 2       ;
; proc:processador|Reg1:R1|R_output[1]            ; 2       ;
; proc:processador|Reg2:R2|R_output[0]            ; 2       ;
; proc:processador|RegN_pc:R7|PC_output[1]        ; 3       ;
; proc:processador|RegN_pc:R7|PC_output[3]        ; 3       ;
; proc:processador|RegN_addr:reg_addr|R_output[1] ; 2       ;
; proc:processador|RegN_addr:reg_addr|R_output[3] ; 2       ;
; proc:processador|RegN_addr:reg_addr|pc_value[1] ; 1       ;
; proc:processador|RegN_addr:reg_addr|pc_value[3] ; 1       ;
; Total number of inverted registers = 11         ;         ;
+-------------------------------------------------+---------+


+-------------------------------------------------------------------------------------------------------------------------------------------------------------------------+
; Multiplexer Restructuring Statistics (Restructuring Performed)                                                                                                          ;
+--------------------+-----------+---------------+----------------------+------------------------+------------+-----------------------------------------------------------+
; Multiplexer Inputs ; Bus Width ; Baseline Area ; Area if Restructured ; Saving if Restructured ; Registered ; Example Multiplexer Output                                ;
+--------------------+-----------+---------------+----------------------+------------------------+------------+-----------------------------------------------------------+
; 3:1                ; 14 bits   ; 28 LEs        ; 14 LEs               ; 14 LEs                 ; Yes        ; |pratica2|proc:processador|RegN_addr:reg_addr|R_output[2] ;
; 4:1                ; 13 bits   ; 26 LEs        ; 13 LEs               ; 13 LEs                 ; Yes        ; |pratica2|proc:processador|RegN_pc:R7|PC_output[7]        ;
; 3:1                ; 2 bits    ; 4 LEs         ; 2 LEs                ; 2 LEs                  ; Yes        ; |pratica2|proc:processador|RegN_addr:reg_addr|R_output[1] ;
; 4:1                ; 2 bits    ; 4 LEs         ; 4 LEs                ; 0 LEs                  ; Yes        ; |pratica2|proc:processador|RegN_pc:R7|PC_output[1]        ;
; 3:1                ; 2 bits    ; 4 LEs         ; 4 LEs                ; 0 LEs                  ; No         ; |pratica2|proc:processador|ControlUnit:CU|Mux0            ;
; 4:1                ; 2 bits    ; 4 LEs         ; 4 LEs                ; 0 LEs                  ; No         ; |pratica2|proc:processador|ControlUnit:CU|Mux0            ;
; 10:1               ; 8 bits    ; 48 LEs        ; 16 LEs               ; 32 LEs                 ; No         ; |pratica2|proc:processador|ControlUnit:CU|Mux9            ;
; 11:1               ; 4 bits    ; 28 LEs        ; 16 LEs               ; 12 LEs                 ; No         ; |pratica2|proc:processador|ALU:alu|Mux8                   ;
; 11:1               ; 4 bits    ; 28 LEs        ; 16 LEs               ; 12 LEs                 ; No         ; |pratica2|proc:processador|ALU:alu|Mux4                   ;
; 12:1               ; 8 bits    ; 64 LEs        ; 32 LEs               ; 32 LEs                 ; No         ; |pratica2|proc:processador|ControlUnit:CU|Mux19           ;
; 12:1               ; 2 bits    ; 16 LEs        ; 10 LEs               ; 6 LEs                  ; No         ; |pratica2|proc:processador|ALU:alu|Mux12                  ;
; 12:1               ; 2 bits    ; 16 LEs        ; 10 LEs               ; 6 LEs                  ; No         ; |pratica2|proc:processador|ALU:alu|Mux3                   ;
; 13:1               ; 2 bits    ; 16 LEs        ; 12 LEs               ; 4 LEs                  ; No         ; |pratica2|proc:processador|ALU:alu|Mux14                  ;
; 10:1               ; 16 bits   ; 96 LEs        ; 112 LEs              ; -16 LEs                ; No         ; |pratica2|proc:processador|Selector4                      ;
+--------------------+-----------+---------------+----------------------+------------------------+------------+-----------------------------------------------------------+


+--------------------------------------------------------------------------------------------------------+
; Source assignments for mem_ram:mem_data|altsyncram:altsyncram_component|altsyncram_35e1:auto_generated ;
+---------------------------------+--------------------+------+------------------------------------------+
; Assignment                      ; Value              ; From ; To                                       ;
+---------------------------------+--------------------+------+------------------------------------------+
; OPTIMIZE_POWER_DURING_SYNTHESIS ; NORMAL_COMPILATION ; -    ; -                                        ;
+---------------------------------+--------------------+------+------------------------------------------+


+-----------------------------------------------------------------------------------------------+
; Parameter Settings for User Entity Instance: mem_ram:mem_data|altsyncram:altsyncram_component ;
+------------------------------------+----------------------+-----------------------------------+
; Parameter Name                     ; Value                ; Type                              ;
+------------------------------------+----------------------+-----------------------------------+
; BYTE_SIZE_BLOCK                    ; 8                    ; Untyped                           ;
; AUTO_CARRY_CHAINS                  ; ON                   ; AUTO_CARRY                        ;
; IGNORE_CARRY_BUFFERS               ; OFF                  ; IGNORE_CARRY                      ;
; AUTO_CASCADE_CHAINS                ; ON                   ; AUTO_CASCADE                      ;
; IGNORE_CASCADE_BUFFERS             ; OFF                  ; IGNORE_CASCADE                    ;
; WIDTH_BYTEENA                      ; 1                    ; Untyped                           ;
; OPERATION_MODE                     ; SINGLE_PORT          ; Untyped                           ;
; WIDTH_A                            ; 16                   ; Signed Integer                    ;
; WIDTHAD_A                          ; 5                    ; Signed Integer                    ;
; NUMWORDS_A                         ; 32                   ; Signed Integer                    ;
; OUTDATA_REG_A                      ; CLOCK0               ; Untyped                           ;
; ADDRESS_ACLR_A                     ; NONE                 ; Untyped                           ;
; OUTDATA_ACLR_A                     ; NONE                 ; Untyped                           ;
; WRCONTROL_ACLR_A                   ; NONE                 ; Untyped                           ;
; INDATA_ACLR_A                      ; NONE                 ; Untyped                           ;
; BYTEENA_ACLR_A                     ; NONE                 ; Untyped                           ;
; WIDTH_B                            ; 1                    ; Untyped                           ;
; WIDTHAD_B                          ; 1                    ; Untyped                           ;
; NUMWORDS_B                         ; 1                    ; Untyped                           ;
; INDATA_REG_B                       ; CLOCK1               ; Untyped                           ;
; WRCONTROL_WRADDRESS_REG_B          ; CLOCK1               ; Untyped                           ;
; RDCONTROL_REG_B                    ; CLOCK1               ; Untyped                           ;
; ADDRESS_REG_B                      ; CLOCK1               ; Untyped                           ;
; OUTDATA_REG_B                      ; UNREGISTERED         ; Untyped                           ;
; BYTEENA_REG_B                      ; CLOCK1               ; Untyped                           ;
; INDATA_ACLR_B                      ; NONE                 ; Untyped                           ;
; WRCONTROL_ACLR_B                   ; NONE                 ; Untyped                           ;
; ADDRESS_ACLR_B                     ; NONE                 ; Untyped                           ;
; OUTDATA_ACLR_B                     ; NONE                 ; Untyped                           ;
; RDCONTROL_ACLR_B                   ; NONE                 ; Untyped                           ;
; BYTEENA_ACLR_B                     ; NONE                 ; Untyped                           ;
; WIDTH_BYTEENA_A                    ; 1                    ; Signed Integer                    ;
; WIDTH_BYTEENA_B                    ; 1                    ; Untyped                           ;
; RAM_BLOCK_TYPE                     ; M4K                  ; Untyped                           ;
; BYTE_SIZE                          ; 8                    ; Untyped                           ;
; READ_DURING_WRITE_MODE_MIXED_PORTS ; DONT_CARE            ; Untyped                           ;
; READ_DURING_WRITE_MODE_PORT_A      ; NEW_DATA_NO_NBE_READ ; Untyped                           ;
; READ_DURING_WRITE_MODE_PORT_B      ; NEW_DATA_NO_NBE_READ ; Untyped                           ;
; INIT_FILE                          ; mem_ram.mif          ; Untyped                           ;
; INIT_FILE_LAYOUT                   ; PORT_A               ; Untyped                           ;
; MAXIMUM_DEPTH                      ; 0                    ; Untyped                           ;
; CLOCK_ENABLE_INPUT_A               ; BYPASS               ; Untyped                           ;
; CLOCK_ENABLE_INPUT_B               ; NORMAL               ; Untyped                           ;
; CLOCK_ENABLE_OUTPUT_A              ; BYPASS               ; Untyped                           ;
; CLOCK_ENABLE_OUTPUT_B              ; NORMAL               ; Untyped                           ;
; CLOCK_ENABLE_CORE_A                ; USE_INPUT_CLKEN      ; Untyped                           ;
; CLOCK_ENABLE_CORE_B                ; USE_INPUT_CLKEN      ; Untyped                           ;
; ENABLE_ECC                         ; FALSE                ; Untyped                           ;
; ECC_PIPELINE_STAGE_ENABLED         ; FALSE                ; Untyped                           ;
; WIDTH_ECCSTATUS                    ; 3                    ; Untyped                           ;
; DEVICE_FAMILY                      ; Cyclone II           ; Untyped                           ;
; CBXI_PARAMETER                     ; altsyncram_35e1      ; Untyped                           ;
+------------------------------------+----------------------+-----------------------------------+
Note: In order to hide this table in the UI and the text report file, please set the "Show Parameter Settings in Synthesis Report" option in "Analysis and Synthesis Settings -> More Settings" to "Off".


+----------------------------------------------------------------------------------------------+
; altsyncram Parameter Settings by Entity Instance                                             ;
+-------------------------------------------+--------------------------------------------------+
; Name                                      ; Value                                            ;
+-------------------------------------------+--------------------------------------------------+
; Number of entity instances                ; 1                                                ;
; Entity Instance                           ; mem_ram:mem_data|altsyncram:altsyncram_component ;
;     -- OPERATION_MODE                     ; SINGLE_PORT                                      ;
;     -- WIDTH_A                            ; 16                                               ;
;     -- NUMWORDS_A                         ; 32                                               ;
;     -- OUTDATA_REG_A                      ; CLOCK0                                           ;
;     -- WIDTH_B                            ; 1                                                ;
;     -- NUMWORDS_B                         ; 1                                                ;
;     -- ADDRESS_REG_B                      ; CLOCK1                                           ;
;     -- OUTDATA_REG_B                      ; UNREGISTERED                                     ;
;     -- RAM_BLOCK_TYPE                     ; M4K                                              ;
;     -- READ_DURING_WRITE_MODE_MIXED_PORTS ; DONT_CARE                                        ;
+-------------------------------------------+--------------------------------------------------+


+-----------------------------------------------------------------------------------------------------------------------------------------------------------------------------------------------------------------+
; Port Connectivity Checks: "mem_ram:mem_data"                                                                                                                                                                    ;
+---------+-------+----------+------------------------------------------------------------------------------------------------------------------------------------------------------------------------------------+
; Port    ; Type  ; Severity ; Details                                                                                                                                                                            ;
+---------+-------+----------+------------------------------------------------------------------------------------------------------------------------------------------------------------------------------------+
; address ; Input ; Warning  ; Input port expression (16 bits) is wider than the input port (5 bits) it drives.  The 11 most-significant bit(s) in the expression will be dangling if they have no other fanouts. ;
+---------+-------+----------+------------------------------------------------------------------------------------------------------------------------------------------------------------------------------------+


+-------------------------------------------------------------------------------------------------------------------------------------------------------------------------------------------------------------------+
; Port Connectivity Checks: "proc:processador|RegN_addr:reg_addr"                                                                                                                                                   ;
+-----------+-------+----------+------------------------------------------------------------------------------------------------------------------------------------------------------------------------------------+
; Port      ; Type  ; Severity ; Details                                                                                                                                                                            ;
+-----------+-------+----------+------------------------------------------------------------------------------------------------------------------------------------------------------------------------------------+
; pc_output ; Input ; Warning  ; Input port expression (16 bits) is wider than the input port (1 bits) it drives.  The 15 most-significant bit(s) in the expression will be dangling if they have no other fanouts. ;
+-----------+-------+----------+------------------------------------------------------------------------------------------------------------------------------------------------------------------------------------+


+--------------------------------------------------------------------------------------------------------------------------------------------------------------------------------------------------------------+
; Port Connectivity Checks: "proc:processador|RegN_pc:R7"                                                                                                                                                      ;
+------+-------+----------+------------------------------------------------------------------------------------------------------------------------------------------------------------------------------------+
; Port ; Type  ; Severity ; Details                                                                                                                                                                            ;
+------+-------+----------+------------------------------------------------------------------------------------------------------------------------------------------------------------------------------------+
; Bus  ; Input ; Warning  ; Input port expression (16 bits) is wider than the input port (1 bits) it drives.  The 15 most-significant bit(s) in the expression will be dangling if they have no other fanouts. ;
+------+-------+----------+------------------------------------------------------------------------------------------------------------------------------------------------------------------------------------+


+--------------------------------------------------------------------------------------------------------------------------------------------------------------------------------------------------------------+
; Port Connectivity Checks: "proc:processador|RegIR:IR_reg"                                                                                                                                                    ;
+------+-------+----------+------------------------------------------------------------------------------------------------------------------------------------------------------------------------------------+
; Port ; Type  ; Severity ; Details                                                                                                                                                                            ;
+------+-------+----------+------------------------------------------------------------------------------------------------------------------------------------------------------------------------------------+
; Rin  ; Input ; Warning  ; Input port expression (11 bits) is wider than the input port (1 bits) it drives.  The 10 most-significant bit(s) in the expression will be dangling if they have no other fanouts. ;
+------+-------+----------+------------------------------------------------------------------------------------------------------------------------------------------------------------------------------------+


+----------------------------------------------------------------------------------------------------------------------------------------------------------------------------------------------------------+
; Port Connectivity Checks: "proc:processador|ControlUnit:CU"                                                                                                                                              ;
+-------------+--------+----------+------------------------------------------------------------------------------------------------------------------------------------------------------------------------+
; Port        ; Type   ; Severity ; Details                                                                                                                                                                ;
+-------------+--------+----------+------------------------------------------------------------------------------------------------------------------------------------------------------------------------+
; IRin[10..1] ; Output ; Info     ; Connected to dangling logic. Logic that only feeds a dangling port will be removed.                                                                                    ;
; RNin        ; Output ; Warning  ; Output or bidir port (8 bits) is smaller than the port expression (16 bits) it drives.  The 8 most-significant bit(s) in the port expression will be connected to GND. ;
+-------------+--------+----------+------------------------------------------------------------------------------------------------------------------------------------------------------------------------+


+------------------------------------------------------------------------------------------------------------------------------------------------------+
; Port Connectivity Checks: "proc:processador"                                                                                                         ;
+-------+--------+----------+--------------------------------------------------------------------------------------------------------------------------+
; Port  ; Type   ; Severity ; Details                                                                                                                  ;
+-------+--------+----------+--------------------------------------------------------------------------------------------------------------------------+
; Done  ; Output ; Info     ; Connected to dangling logic. Logic that only feeds a dangling port will be removed.                                      ;
; ALUop ; Output ; Warning  ; Output or bidir port (3 bits) is wider than the port expression (1 bits) it drives; bit(s) "ALUop[2..1]" have no fanouts ;
; ALUop ; Output ; Info     ; Connected to dangling logic. Logic that only feeds a dangling port will be removed.                                      ;
+-------+--------+----------+--------------------------------------------------------------------------------------------------------------------------+


+-------------------------------+
; Elapsed Time Per Partition    ;
+----------------+--------------+
; Partition Name ; Elapsed Time ;
+----------------+--------------+
; Top            ; 00:00:01     ;
+----------------+--------------+


+-------------------------------+
; Analysis & Synthesis Messages ;
+-------------------------------+
Info: *******************************************************************
Info: Running Quartus II 64-Bit Analysis & Synthesis
    Info: Version 13.0.1 Build 232 06/12/2013 Service Pack 1 SJ Web Edition
    Info: Processing started: Thu Sep 28 09:59:28 2023
Info: Command: quartus_map --read_settings_files=on --write_settings_files=off pratica2 -c pratica2
Warning (20028): Parallel compilation is not licensed and has been disabled
Info (12021): Found 1 design units, including 1 entities, in source file mem_ram.v
    Info (12023): Found entity 1: mem_ram
Warning (10261): Verilog HDL Event Control warning at pratica2.v(352): Event Control contains a complex event expression
Info (12021): Found 14 design units, including 14 entities, in source file pratica2.v
    Info (12023): Found entity 1: pratica2
    Info (12023): Found entity 2: proc
    Info (12023): Found entity 3: ControlUnit
    Info (12023): Found entity 4: RegUpcode
    Info (12023): Found entity 5: ALU
    Info (12023): Found entity 6: Counter
    Info (12023): Found entity 7: RegN_pc
    Info (12023): Found entity 8: RegN
    Info (12023): Found entity 9: Reg0
    Info (12023): Found entity 10: Reg1
    Info (12023): Found entity 11: Reg2
    Info (12023): Found entity 12: RegIR
    Info (12023): Found entity 13: RegN_addr
    Info (12023): Found entity 14: RegN_W
Info (12021): Found 1 design units, including 1 entities, in source file pratica2placa.v
    Info (12023): Found entity 1: pratica2placa
Info (12021): Found 1 design units, including 1 entities, in source file disp7seg.v
    Info (12023): Found entity 1: disp7seg
Warning (10236): Verilog HDL Implicit Net warning at pratica2.v(29): created implicit net for "aluop"
Info (12127): Elaborating entity "pratica2" for the top level hierarchy
Warning (10034): Output port "aluOp" at pratica2.v(19) has no driver
Info (12128): Elaborating entity "proc" for hierarchy "proc:processador"
Warning (10235): Verilog HDL Always Construct warning at pratica2.v(124): variable "DIN" is read inside the Always Construct but isn't in the Always Construct's Event Control
Warning (10235): Verilog HDL Always Construct warning at pratica2.v(125): variable "G_output" is read inside the Always Construct but isn't in the Always Construct's Event Control
Warning (10235): Verilog HDL Always Construct warning at pratica2.v(126): variable "R0_output" is read inside the Always Construct but isn't in the Always Construct's Event Control
Warning (10235): Verilog HDL Always Construct warning at pratica2.v(127): variable "R1_output" is read inside the Always Construct but isn't in the Always Construct's Event Control
Warning (10235): Verilog HDL Always Construct warning at pratica2.v(128): variable "R2_output" is read inside the Always Construct but isn't in the Always Construct's Event Control
Warning (10235): Verilog HDL Always Construct warning at pratica2.v(129): variable "R3_output" is read inside the Always Construct but isn't in the Always Construct's Event Control
Warning (10235): Verilog HDL Always Construct warning at pratica2.v(130): variable "R4_output" is read inside the Always Construct but isn't in the Always Construct's Event Control
Warning (10235): Verilog HDL Always Construct warning at pratica2.v(131): variable "R5_output" is read inside the Always Construct but isn't in the Always Construct's Event Control
Warning (10235): Verilog HDL Always Construct warning at pratica2.v(132): variable "R6_output" is read inside the Always Construct but isn't in the Always Construct's Event Control
Warning (10235): Verilog HDL Always Construct warning at pratica2.v(133): variable "R7_output" is read inside the Always Construct but isn't in the Always Construct's Event Control
Warning (10270): Verilog HDL Case Statement warning at pratica2.v(123): incomplete case statement has no default case item
Info (10264): Verilog HDL Case Statement information at pratica2.v(123): all case item expressions in this case statement are onehot
Warning (10240): Verilog HDL Always Construct warning at pratica2.v(120): inferring latch(es) for variable "BusWires", which holds its previous value in one or more paths through the always construct
Info (10041): Inferred latch for "BusWires[0]" at pratica2.v(120)
Info (10041): Inferred latch for "BusWires[1]" at pratica2.v(120)
Info (10041): Inferred latch for "BusWires[2]" at pratica2.v(120)
Info (10041): Inferred latch for "BusWires[3]" at pratica2.v(120)
Info (10041): Inferred latch for "BusWires[4]" at pratica2.v(120)
Info (10041): Inferred latch for "BusWires[5]" at pratica2.v(120)
Info (10041): Inferred latch for "BusWires[6]" at pratica2.v(120)
Info (10041): Inferred latch for "BusWires[7]" at pratica2.v(120)
Info (10041): Inferred latch for "BusWires[8]" at pratica2.v(120)
Info (10041): Inferred latch for "BusWires[9]" at pratica2.v(120)
Info (10041): Inferred latch for "BusWires[10]" at pratica2.v(120)
Info (10041): Inferred latch for "BusWires[11]" at pratica2.v(120)
Info (10041): Inferred latch for "BusWires[12]" at pratica2.v(120)
Info (10041): Inferred latch for "BusWires[13]" at pratica2.v(120)
Info (10041): Inferred latch for "BusWires[14]" at pratica2.v(120)
Info (10041): Inferred latch for "BusWires[15]" at pratica2.v(120)
Info (12128): Elaborating entity "Counter" for hierarchy "proc:processador|Counter:C"
Info (12128): Elaborating entity "RegUpcode" for hierarchy "proc:processador|RegUpcode:X"
Info (12128): Elaborating entity "ControlUnit" for hierarchy "proc:processador|ControlUnit:CU"
Warning (10235): Verilog HDL Always Construct warning at pratica2.v(209): variable "ADD" is read inside the Always Construct but isn't in the Always Construct's Event Control
Warning (10235): Verilog HDL Always Construct warning at pratica2.v(209): variable "SUB" is read inside the Always Construct but isn't in the Always Construct's Event Control
Warning (10235): Verilog HDL Always Construct warning at pratica2.v(209): variable "OR" is read inside the Always Construct but isn't in the Always Construct's Event Control
Warning (10235): Verilog HDL Always Construct warning at pratica2.v(209): variable "SLT" is read inside the Always Construct but isn't in the Always Construct's Event Control
Warning (10235): Verilog HDL Always Construct warning at pratica2.v(213): variable "SLL" is read inside the Always Construct but isn't in the Always Construct's Event Control
Warning (10235): Verilog HDL Always Construct warning at pratica2.v(218): variable "SRL" is read inside the Always Construct but isn't in the Always Construct's Event Control
Warning (10235): Verilog HDL Always Construct warning at pratica2.v(223): variable "MV" is read inside the Always Construct but isn't in the Always Construct's Event Control
Warning (10235): Verilog HDL Always Construct warning at pratica2.v(227): variable "MVI" is read inside the Always Construct but isn't in the Always Construct's Event Control
Warning (10235): Verilog HDL Always Construct warning at pratica2.v(231): variable "MVNZ" is read inside the Always Construct but isn't in the Always Construct's Event Control
Warning (10235): Verilog HDL Always Construct warning at pratica2.v(232): variable "G_output" is read inside the Always Construct but isn't in the Always Construct's Event Control
Warning (10235): Verilog HDL Always Construct warning at pratica2.v(237): variable "SD" is read inside the Always Construct but isn't in the Always Construct's Event Control
Warning (10235): Verilog HDL Always Construct warning at pratica2.v(241): variable "LD" is read inside the Always Construct but isn't in the Always Construct's Event Control
Warning (10763): Verilog HDL warning at pratica2.v(208): case statement has overlapping case item expressions with non-constant or don't care bits - unable to check case statement for completeness
Warning (10270): Verilog HDL Case Statement warning at pratica2.v(208): incomplete case statement has no default case item
Warning (10235): Verilog HDL Always Construct warning at pratica2.v(252): variable "ADD" is read inside the Always Construct but isn't in the Always Construct's Event Control
Warning (10235): Verilog HDL Always Construct warning at pratica2.v(257): variable "SUB" is read inside the Always Construct but isn't in the Always Construct's Event Control
Warning (10235): Verilog HDL Always Construct warning at pratica2.v(262): variable "OR" is read inside the Always Construct but isn't in the Always Construct's Event Control
Warning (10235): Verilog HDL Always Construct warning at pratica2.v(267): variable "SLT" is read inside the Always Construct but isn't in the Always Construct's Event Control
Warning (10235): Verilog HDL Always Construct warning at pratica2.v(272): variable "SLL" is read inside the Always Construct but isn't in the Always Construct's Event Control
Warning (10235): Verilog HDL Always Construct warning at pratica2.v(272): variable "SRL" is read inside the Always Construct but isn't in the Always Construct's Event Control
Warning (10235): Verilog HDL Always Construct warning at pratica2.v(276): variable "MV" is read inside the Always Construct but isn't in the Always Construct's Event Control
Warning (10235): Verilog HDL Always Construct warning at pratica2.v(276): variable "MVNZ" is read inside the Always Construct but isn't in the Always Construct's Event Control
Warning (10235): Verilog HDL Always Construct warning at pratica2.v(280): variable "SD" is read inside the Always Construct but isn't in the Always Construct's Event Control
Warning (10763): Verilog HDL warning at pratica2.v(251): case statement has overlapping case item expressions with non-constant or don't care bits - unable to check case statement for completeness
Warning (10270): Verilog HDL Case Statement warning at pratica2.v(251): incomplete case statement has no default case item
Warning (10235): Verilog HDL Always Construct warning at pratica2.v(291): variable "ADD" is read inside the Always Construct but isn't in the Always Construct's Event Control
Warning (10235): Verilog HDL Always Construct warning at pratica2.v(291): variable "SUB" is read inside the Always Construct but isn't in the Always Construct's Event Control
Warning (10235): Verilog HDL Always Construct warning at pratica2.v(291): variable "OR" is read inside the Always Construct but isn't in the Always Construct's Event Control
Warning (10235): Verilog HDL Always Construct warning at pratica2.v(291): variable "SLT" is read inside the Always Construct but isn't in the Always Construct's Event Control
Warning (10235): Verilog HDL Always Construct warning at pratica2.v(298): variable "SRL" is read inside the Always Construct but isn't in the Always Construct's Event Control
Warning (10235): Verilog HDL Always Construct warning at pratica2.v(298): variable "SLL" is read inside the Always Construct but isn't in the Always Construct's Event Control
Warning (10763): Verilog HDL warning at pratica2.v(290): case statement has overlapping case item expressions with non-constant or don't care bits - unable to check case statement for completeness
Warning (10270): Verilog HDL Case Statement warning at pratica2.v(290): incomplete case statement has no default case item
Warning (10235): Verilog HDL Always Construct warning at pratica2.v(311): variable "LD" is read inside the Always Construct but isn't in the Always Construct's Event Control
Warning (10235): Verilog HDL Always Construct warning at pratica2.v(317): variable "SD" is read inside the Always Construct but isn't in the Always Construct's Event Control
Warning (10235): Verilog HDL Always Construct warning at pratica2.v(322): variable "MVI" is read inside the Always Construct but isn't in the Always Construct's Event Control
Warning (10763): Verilog HDL warning at pratica2.v(310): case statement has overlapping case item expressions with non-constant or don't care bits - unable to check case statement for completeness
Warning (10270): Verilog HDL Case Statement warning at pratica2.v(310): incomplete case statement has no default case item
Warning (10235): Verilog HDL Always Construct warning at pratica2.v(332): variable "MVI" is read inside the Always Construct but isn't in the Always Construct's Event Control
Warning (10270): Verilog HDL Case Statement warning at pratica2.v(331): incomplete case statement has no default case item
Warning (10240): Verilog HDL Always Construct warning at pratica2.v(171): inferring latch(es) for variable "ALUOp", which holds its previous value in one or more paths through the always construct
Warning (10240): Verilog HDL Always Construct warning at pratica2.v(171): inferring latch(es) for variable "is_mvi", which holds its previous value in one or more paths through the always construct
Warning (10240): Verilog HDL Always Construct warning at pratica2.v(171): inferring latch(es) for variable "is_Load", which holds its previous value in one or more paths through the always construct
Info (10041): Inferred latch for "is_Load" at pratica2.v(171)
Info (10041): Inferred latch for "is_mvi" at pratica2.v(171)
Info (10041): Inferred latch for "ALUOp[0]" at pratica2.v(171)
Info (10041): Inferred latch for "ALUOp[1]" at pratica2.v(171)
Info (10041): Inferred latch for "ALUOp[2]" at pratica2.v(171)
Info (12128): Elaborating entity "ALU" for hierarchy "proc:processador|ALU:alu"
Warning (10230): Verilog HDL assignment warning at pratica2.v(379): truncated value with size 32 to match size of target (16)
Warning (10270): Verilog HDL Case Statement warning at pratica2.v(375): incomplete case statement has no default case item
Warning (10240): Verilog HDL Always Construct warning at pratica2.v(374): inferring latch(es) for variable "ALU_output", which holds its previous value in one or more paths through the always construct
Info (10041): Inferred latch for "ALU_output[0]" at pratica2.v(374)
Info (10041): Inferred latch for "ALU_output[1]" at pratica2.v(374)
Info (10041): Inferred latch for "ALU_output[2]" at pratica2.v(374)
Info (10041): Inferred latch for "ALU_output[3]" at pratica2.v(374)
Info (10041): Inferred latch for "ALU_output[4]" at pratica2.v(374)
Info (10041): Inferred latch for "ALU_output[5]" at pratica2.v(374)
Info (10041): Inferred latch for "ALU_output[6]" at pratica2.v(374)
Info (10041): Inferred latch for "ALU_output[7]" at pratica2.v(374)
Info (10041): Inferred latch for "ALU_output[8]" at pratica2.v(374)
Info (10041): Inferred latch for "ALU_output[9]" at pratica2.v(374)
Info (10041): Inferred latch for "ALU_output[10]" at pratica2.v(374)
Info (10041): Inferred latch for "ALU_output[11]" at pratica2.v(374)
Info (10041): Inferred latch for "ALU_output[12]" at pratica2.v(374)
Info (10041): Inferred latch for "ALU_output[13]" at pratica2.v(374)
Info (10041): Inferred latch for "ALU_output[14]" at pratica2.v(374)
Info (10041): Inferred latch for "ALU_output[15]" at pratica2.v(374)
Info (12128): Elaborating entity "RegN" for hierarchy "proc:processador|RegN:A_reg"
Info (12128): Elaborating entity "RegIR" for hierarchy "proc:processador|RegIR:IR_reg"
Info (12128): Elaborating entity "Reg0" for hierarchy "proc:processador|Reg0:R0"
Info (12128): Elaborating entity "Reg1" for hierarchy "proc:processador|Reg1:R1"
Info (12128): Elaborating entity "Reg2" for hierarchy "proc:processador|Reg2:R2"
Info (12128): Elaborating entity "RegN_pc" for hierarchy "proc:processador|RegN_pc:R7"
Info (12128): Elaborating entity "RegN_addr" for hierarchy "proc:processador|RegN_addr:reg_addr"
Info (12128): Elaborating entity "RegN_W" for hierarchy "proc:processador|RegN_W:reg_W"
Info (12128): Elaborating entity "mem_ram" for hierarchy "mem_ram:mem_data"
Info (12128): Elaborating entity "altsyncram" for hierarchy "mem_ram:mem_data|altsyncram:altsyncram_component"
Info (12130): Elaborated megafunction instantiation "mem_ram:mem_data|altsyncram:altsyncram_component"
Info (12133): Instantiated megafunction "mem_ram:mem_data|altsyncram:altsyncram_component" with the following parameter:
    Info (12134): Parameter "clock_enable_input_a" = "BYPASS"
    Info (12134): Parameter "clock_enable_output_a" = "BYPASS"
    Info (12134): Parameter "init_file" = "mem_ram.mif"
    Info (12134): Parameter "intended_device_family" = "Cyclone II"
    Info (12134): Parameter "lpm_hint" = "ENABLE_RUNTIME_MOD=NO"
    Info (12134): Parameter "lpm_type" = "altsyncram"
    Info (12134): Parameter "numwords_a" = "32"
    Info (12134): Parameter "operation_mode" = "SINGLE_PORT"
    Info (12134): Parameter "outdata_aclr_a" = "NONE"
    Info (12134): Parameter "outdata_reg_a" = "CLOCK0"
    Info (12134): Parameter "power_up_uninitialized" = "FALSE"
    Info (12134): Parameter "ram_block_type" = "M4K"
    Info (12134): Parameter "widthad_a" = "5"
    Info (12134): Parameter "width_a" = "16"
    Info (12134): Parameter "width_byteena_a" = "1"
Info (12021): Found 1 design units, including 1 entities, in source file db/altsyncram_35e1.tdf
    Info (12023): Found entity 1: altsyncram_35e1
Info (12128): Elaborating entity "altsyncram_35e1" for hierarchy "mem_ram:mem_data|altsyncram:altsyncram_component|altsyncram_35e1:auto_generated"
Warning (12241): 6 hierarchies have connectivity warnings - see the Connectivity Checks report folder
Warning (13012): Latch proc:processador|BusWires[0] has unsafe behavior
    Warning (13013): Ports D and ENA on the latch are fed by the same signal mem_ram:mem_data|altsyncram:altsyncram_component|altsyncram_35e1:auto_generated|q_a[0]
Warning (13012): Latch proc:processador|BusWires[1] has unsafe behavior
    Warning (13013): Ports D and ENA on the latch are fed by the same signal mem_ram:mem_data|altsyncram:altsyncram_component|altsyncram_35e1:auto_generated|q_a[1]
Warning (13012): Latch proc:processador|BusWires[2] has unsafe behavior
    Warning (13013): Ports D and ENA on the latch are fed by the same signal mem_ram:mem_data|altsyncram:altsyncram_component|altsyncram_35e1:auto_generated|q_a[2]
Warning (13012): Latch proc:processador|BusWires[3] has unsafe behavior
    Warning (13013): Ports D and ENA on the latch are fed by the same signal mem_ram:mem_data|altsyncram:altsyncram_component|altsyncram_35e1:auto_generated|q_a[3]
Warning (13012): Latch proc:processador|BusWires[4] has unsafe behavior
    Warning (13013): Ports D and ENA on the latch are fed by the same signal mem_ram:mem_data|altsyncram:altsyncram_component|altsyncram_35e1:auto_generated|q_a[4]
Warning (13012): Latch proc:processador|BusWires[5] has unsafe behavior
    Warning (13013): Ports D and ENA on the latch are fed by the same signal mem_ram:mem_data|altsyncram:altsyncram_component|altsyncram_35e1:auto_generated|q_a[5]
Warning (13012): Latch proc:processador|BusWires[6] has unsafe behavior
    Warning (13013): Ports D and ENA on the latch are fed by the same signal proc:processador|Counter:C|Counter[0]
Warning (13012): Latch proc:processador|BusWires[7] has unsafe behavior
    Warning (13013): Ports D and ENA on the latch are fed by the same signal proc:processador|Counter:C|Counter[0]
Warning (13012): Latch proc:processador|BusWires[8] has unsafe behavior
    Warning (13013): Ports D and ENA on the latch are fed by the same signal proc:processador|Counter:C|Counter[0]
Warning (13012): Latch proc:processador|BusWires[9] has unsafe behavior
    Warning (13013): Ports D and ENA on the latch are fed by the same signal proc:processador|Counter:C|Counter[0]
Warning (13012): Latch proc:processador|BusWires[10] has unsafe behavior
    Warning (13013): Ports D and ENA on the latch are fed by the same signal proc:processador|Counter:C|Counter[0]
Warning (13012): Latch proc:processador|BusWires[11] has unsafe behavior
    Warning (13013): Ports D and ENA on the latch are fed by the same signal proc:processador|Counter:C|Counter[0]
Warning (13012): Latch proc:processador|BusWires[12] has unsafe behavior
    Warning (13013): Ports D and ENA on the latch are fed by the same signal proc:processador|Counter:C|Counter[0]
Warning (13012): Latch proc:processador|BusWires[13] has unsafe behavior
    Warning (13013): Ports D and ENA on the latch are fed by the same signal proc:processador|Counter:C|Counter[0]
Warning (13012): Latch proc:processador|BusWires[14] has unsafe behavior
    Warning (13013): Ports D and ENA on the latch are fed by the same signal proc:processador|Counter:C|Counter[0]
Warning (13012): Latch proc:processador|BusWires[15] has unsafe behavior
    Warning (13013): Ports D and ENA on the latch are fed by the same signal proc:processador|Counter:C|Counter[0]
Warning (13012): Latch proc:processador|ALU:alu|ALU_output[4] has unsafe behavior
    Warning (13013): Ports D and ENA on the latch are fed by the same signal proc:processador|ControlUnit:CU|ALUOp[0]
Warning (13012): Latch proc:processador|ALU:alu|ALU_output[3] has unsafe behavior
    Warning (13013): Ports D and ENA on the latch are fed by the same signal proc:processador|ControlUnit:CU|ALUOp[2]
Warning (13012): Latch proc:processador|ALU:alu|ALU_output[2] has unsafe behavior
    Warning (13013): Ports D and ENA on the latch are fed by the same signal proc:processador|ControlUnit:CU|ALUOp[2]
Warning (13012): Latch proc:processador|ALU:alu|ALU_output[1] has unsafe behavior
    Warning (13013): Ports D and ENA on the latch are fed by the same signal proc:processador|ControlUnit:CU|ALUOp[2]
Warning (13012): Latch proc:processador|ALU:alu|ALU_output[0] has unsafe behavior
    Warning (13013): Ports D and ENA on the latch are fed by the same signal proc:processador|ControlUnit:CU|ALUOp[2]
Warning (13012): Latch proc:processador|ALU:alu|ALU_output[5] has unsafe behavior
    Warning (13013): Ports D and ENA on the latch are fed by the same signal proc:processador|ControlUnit:CU|ALUOp[0]
Warning (13012): Latch proc:processador|ALU:alu|ALU_output[6] has unsafe behavior
    Warning (13013): Ports D and ENA on the latch are fed by the same signal proc:processador|ControlUnit:CU|ALUOp[0]
Warning (13012): Latch proc:processador|ALU:alu|ALU_output[7] has unsafe behavior
    Warning (13013): Ports D and ENA on the latch are fed by the same signal proc:processador|ControlUnit:CU|ALUOp[0]
Warning (13012): Latch proc:processador|ALU:alu|ALU_output[8] has unsafe behavior
    Warning (13013): Ports D and ENA on the latch are fed by the same signal proc:processador|ControlUnit:CU|ALUOp[2]
Warning (13012): Latch proc:processador|ALU:alu|ALU_output[9] has unsafe behavior
    Warning (13013): Ports D and ENA on the latch are fed by the same signal proc:processador|ControlUnit:CU|ALUOp[2]
Warning (13012): Latch proc:processador|ALU:alu|ALU_output[10] has unsafe behavior
    Warning (13013): Ports D and ENA on the latch are fed by the same signal proc:processador|ControlUnit:CU|ALUOp[2]
Warning (13012): Latch proc:processador|ALU:alu|ALU_output[11] has unsafe behavior
    Warning (13013): Ports D and ENA on the latch are fed by the same signal proc:processador|ControlUnit:CU|ALUOp[2]
Warning (13012): Latch proc:processador|ALU:alu|ALU_output[12] has unsafe behavior
    Warning (13013): Ports D and ENA on the latch are fed by the same signal proc:processador|ControlUnit:CU|ALUOp[2]
Warning (13012): Latch proc:processador|ALU:alu|ALU_output[13] has unsafe behavior
    Warning (13013): Ports D and ENA on the latch are fed by the same signal proc:processador|ControlUnit:CU|ALUOp[2]
Warning (13012): Latch proc:processador|ALU:alu|ALU_output[14] has unsafe behavior
    Warning (13013): Ports D and ENA on the latch are fed by the same signal proc:processador|ControlUnit:CU|ALUOp[2]
Warning (13012): Latch proc:processador|ALU:alu|ALU_output[15] has unsafe behavior
    Warning (13013): Ports D and ENA on the latch are fed by the same signal proc:processador|ControlUnit:CU|ALUOp[2]
Warning (13012): Latch proc:processador|ControlUnit:CU|ALUOp[2] has unsafe behavior
    Warning (13013): Ports D and ENA on the latch are fed by the same signal proc:processador|Counter:C|Counter[0]
Warning (13012): Latch proc:processador|ControlUnit:CU|ALUOp[1] has unsafe behavior
    Warning (13013): Ports D and ENA on the latch are fed by the same signal proc:processador|Counter:C|Counter[2]
Warning (13012): Latch proc:processador|ControlUnit:CU|ALUOp[0] has unsafe behavior
    Warning (13013): Ports D and ENA on the latch are fed by the same signal proc:processador|Counter:C|Counter[2]
Warning (13024): Output pins are stuck at VCC or GND
    Warning (13410): Pin "aluOp[0]" is stuck at GND
    Warning (13410): Pin "aluOp[1]" is stuck at GND
    Warning (13410): Pin "aluOp[2]" is stuck at GND
Info (144001): Generated suppressed messages file C:/Users/pedro/OneDrive/Documentos/CEFETMG/2023.2/Laboratório AOC II/Práticas AOC2/Prática 2/pratica02/output_files/pratica2.map.smsg
Info (16010): Generating hard_block partition "hard_block:auto_generated_inst"
    Info (16011): Adding 0 node(s), including 0 DDIO, 0 PLL, 0 transceiver and 0 LCELL
Info (21057): Implemented 944 device resources after synthesis - the final resource count might be different
    Info (21058): Implemented 2 input pins
    Info (21059): Implemented 176 output pins
    Info (21061): Implemented 750 logic cells
    Info (21064): Implemented 16 RAM segments
Info: Quartus II 64-Bit Analysis & Synthesis was successful. 0 errors, 137 warnings
    Info: Peak virtual memory: 4622 megabytes
    Info: Processing ended: Thu Sep 28 09:59:31 2023
    Info: Elapsed time: 00:00:03
    Info: Total CPU time (on all processors): 00:00:01


+------------------------------------------+
; Analysis & Synthesis Suppressed Messages ;
+------------------------------------------+
The suppressed messages can be found in C:/Users/pedro/OneDrive/Documentos/CEFETMG/2023.2/Laboratório AOC II/Práticas AOC2/Prática 2/pratica02/output_files/pratica2.map.smsg.


