Analysis & Synthesis report for tomasulo
Fri Oct 27 15:15:31 2023
Quartus II 64-Bit Version 13.0.1 Build 232 06/12/2013 Service Pack 1 SJ Web Edition


---------------------
; Table of Contents ;
---------------------
  1. Legal Notice
  2. Analysis & Synthesis Summary
  3. Analysis & Synthesis Settings
  4. Parallel Compilation
  5. Analysis & Synthesis Source Files Read
  6. Analysis & Synthesis Resource Usage Summary
  7. Analysis & Synthesis Resource Utilization by Entity
  8. General Register Statistics
  9. Port Connectivity Checks: "ULA_LD_SD:ula_ld_sd"
 10. Port Connectivity Checks: "ReservationStation:reservation_station"
 11. Port Connectivity Checks: "BankOfRegisters:bank_of_registers|Reg2:R2"
 12. Port Connectivity Checks: "BankOfRegisters:bank_of_registers|Reg1:R1"
 13. Port Connectivity Checks: "BankOfRegisters:bank_of_registers|Reg0:R0"
 14. Elapsed Time Per Partition
 15. Analysis & Synthesis Messages
 16. Analysis & Synthesis Suppressed Messages



----------------
; Legal Notice ;
----------------
Copyright (C) 1991-2013 Altera Corporation
Your use of Altera Corporation's design tools, logic functions 
and other software and tools, and its AMPP partner logic 
functions, and any output files from any of the foregoing 
(including device programming or simulation files), and any 
associated documentation or information are expressly subject 
to the terms and conditions of the Altera Program License 
Subscription Agreement, Altera MegaCore Function License 
Agreement, or other applicable license agreement, including, 
without limitation, that your use is for the sole purpose of 
programming logic devices manufactured by Altera and sold by 
Altera or its authorized distributors.  Please refer to the 
applicable agreement for further details.



+--------------------------------------------------------------------------------------+
; Analysis & Synthesis Summary                                                         ;
+------------------------------------+-------------------------------------------------+
; Analysis & Synthesis Status        ; Successful - Fri Oct 27 15:15:31 2023           ;
; Quartus II 64-Bit Version          ; 13.0.1 Build 232 06/12/2013 SP 1 SJ Web Edition ;
; Revision Name                      ; tomasulo                                        ;
; Top-level Entity Name              ; tomasulo                                        ;
; Family                             ; Cyclone II                                      ;
; Total logic elements               ; 0                                               ;
;     Total combinational functions  ; 0                                               ;
;     Dedicated logic registers      ; 0                                               ;
; Total registers                    ; 0                                               ;
; Total pins                         ; 2                                               ;
; Total virtual pins                 ; 0                                               ;
; Total memory bits                  ; 0                                               ;
; Embedded Multiplier 9-bit elements ; 0                                               ;
; Total PLLs                         ; 0                                               ;
+------------------------------------+-------------------------------------------------+


+----------------------------------------------------------------------------------------------------------------------+
; Analysis & Synthesis Settings                                                                                        ;
+----------------------------------------------------------------------------+--------------------+--------------------+
; Option                                                                     ; Setting            ; Default Value      ;
+----------------------------------------------------------------------------+--------------------+--------------------+
; Device                                                                     ; EP2C35F672C6       ;                    ;
; Top-level entity name                                                      ; tomasulo           ; tomasulo           ;
; Family name                                                                ; Cyclone II         ; Cyclone IV GX      ;
; Use smart compilation                                                      ; Off                ; Off                ;
; Enable parallel Assembler and TimeQuest Timing Analyzer during compilation ; On                 ; On                 ;
; Enable compact report table                                                ; Off                ; Off                ;
; Restructure Multiplexers                                                   ; Auto               ; Auto               ;
; Create Debugging Nodes for IP Cores                                        ; Off                ; Off                ;
; Preserve fewer node names                                                  ; On                 ; On                 ;
; Disable OpenCore Plus hardware evaluation                                  ; Off                ; Off                ;
; Verilog Version                                                            ; Verilog_2001       ; Verilog_2001       ;
; VHDL Version                                                               ; VHDL_1993          ; VHDL_1993          ;
; State Machine Processing                                                   ; Auto               ; Auto               ;
; Safe State Machine                                                         ; Off                ; Off                ;
; Extract Verilog State Machines                                             ; On                 ; On                 ;
; Extract VHDL State Machines                                                ; On                 ; On                 ;
; Ignore Verilog initial constructs                                          ; Off                ; Off                ;
; Iteration limit for constant Verilog loops                                 ; 5000               ; 5000               ;
; Iteration limit for non-constant Verilog loops                             ; 250                ; 250                ;
; Add Pass-Through Logic to Inferred RAMs                                    ; On                 ; On                 ;
; Infer RAMs from Raw Logic                                                  ; On                 ; On                 ;
; Parallel Synthesis                                                         ; On                 ; On                 ;
; DSP Block Balancing                                                        ; Auto               ; Auto               ;
; NOT Gate Push-Back                                                         ; On                 ; On                 ;
; Power-Up Don't Care                                                        ; On                 ; On                 ;
; Remove Redundant Logic Cells                                               ; Off                ; Off                ;
; Remove Duplicate Registers                                                 ; On                 ; On                 ;
; Ignore CARRY Buffers                                                       ; Off                ; Off                ;
; Ignore CASCADE Buffers                                                     ; Off                ; Off                ;
; Ignore GLOBAL Buffers                                                      ; Off                ; Off                ;
; Ignore ROW GLOBAL Buffers                                                  ; Off                ; Off                ;
; Ignore LCELL Buffers                                                       ; Off                ; Off                ;
; Ignore SOFT Buffers                                                        ; On                 ; On                 ;
; Limit AHDL Integers to 32 Bits                                             ; Off                ; Off                ;
; Optimization Technique                                                     ; Balanced           ; Balanced           ;
; Carry Chain Length                                                         ; 70                 ; 70                 ;
; Auto Carry Chains                                                          ; On                 ; On                 ;
; Auto Open-Drain Pins                                                       ; On                 ; On                 ;
; Perform WYSIWYG Primitive Resynthesis                                      ; Off                ; Off                ;
; Auto ROM Replacement                                                       ; On                 ; On                 ;
; Auto RAM Replacement                                                       ; On                 ; On                 ;
; Auto Shift Register Replacement                                            ; Auto               ; Auto               ;
; Allow Shift Register Merging across Hierarchies                            ; Auto               ; Auto               ;
; Auto Clock Enable Replacement                                              ; On                 ; On                 ;
; Strict RAM Replacement                                                     ; Off                ; Off                ;
; Allow Synchronous Control Signals                                          ; On                 ; On                 ;
; Force Use of Synchronous Clear Signals                                     ; Off                ; Off                ;
; Auto RAM to Logic Cell Conversion                                          ; Off                ; Off                ;
; Auto Resource Sharing                                                      ; Off                ; Off                ;
; Allow Any RAM Size For Recognition                                         ; Off                ; Off                ;
; Allow Any ROM Size For Recognition                                         ; Off                ; Off                ;
; Allow Any Shift Register Size For Recognition                              ; Off                ; Off                ;
; Use LogicLock Constraints during Resource Balancing                        ; On                 ; On                 ;
; Ignore translate_off and synthesis_off directives                          ; Off                ; Off                ;
; Timing-Driven Synthesis                                                    ; Off                ; Off                ;
; Report Parameter Settings                                                  ; On                 ; On                 ;
; Report Source Assignments                                                  ; On                 ; On                 ;
; Report Connectivity Checks                                                 ; On                 ; On                 ;
; Ignore Maximum Fan-Out Assignments                                         ; Off                ; Off                ;
; Synchronization Register Chain Length                                      ; 2                  ; 2                  ;
; PowerPlay Power Optimization                                               ; Normal compilation ; Normal compilation ;
; HDL message level                                                          ; Level2             ; Level2             ;
; Suppress Register Optimization Related Messages                            ; Off                ; Off                ;
; Number of Removed Registers Reported in Synthesis Report                   ; 5000               ; 5000               ;
; Number of Swept Nodes Reported in Synthesis Report                         ; 5000               ; 5000               ;
; Number of Inverted Registers Reported in Synthesis Report                  ; 100                ; 100                ;
; Clock MUX Protection                                                       ; On                 ; On                 ;
; Auto Gated Clock Conversion                                                ; Off                ; Off                ;
; Block Design Naming                                                        ; Auto               ; Auto               ;
; SDC constraint protection                                                  ; Off                ; Off                ;
; Synthesis Effort                                                           ; Auto               ; Auto               ;
; Shift Register Replacement - Allow Asynchronous Clear Signal               ; On                 ; On                 ;
; Pre-Mapping Resynthesis Optimization                                       ; Off                ; Off                ;
; Analysis & Synthesis Message Level                                         ; Medium             ; Medium             ;
; Disable Register Merging Across Hierarchies                                ; Auto               ; Auto               ;
; Resource Aware Inference For Block RAM                                     ; On                 ; On                 ;
; Synthesis Seed                                                             ; 1                  ; 1                  ;
+----------------------------------------------------------------------------+--------------------+--------------------+


Parallel compilation was disabled, but you have multiple processors available. Enable parallel compilation to reduce compilation time.
+-------------------------------------+
; Parallel Compilation                ;
+----------------------------+--------+
; Processors                 ; Number ;
+----------------------------+--------+
; Number detected on machine ; 8      ;
; Maximum allowed            ; 1      ;
+----------------------------+--------+


+-----------------------------------------------------------------------------------------------------------------------------------------------------------------------------------------------------------------------------+
; Analysis & Synthesis Source Files Read                                                                                                                                                                                      ;
+----------------------------------+-----------------+------------------------+-------------------------------------------------------------------------------------------------------------------------------------+---------+
; File Name with User-Entered Path ; Used in Netlist ; File Type              ; File Name with Absolute Path                                                                                                        ; Library ;
+----------------------------------+-----------------+------------------------+-------------------------------------------------------------------------------------------------------------------------------------+---------+
; tomasulo.v                       ; yes             ; User Verilog HDL File  ; C:/Users/pedro/OneDrive/Documentos/CEFETMG/2023.2/Laboratório AOC II/Práticas AOC2/Prática 3/Prática 3 - Pedro/tomasulo.v           ;         ;
; InstructionQueue.v               ; yes             ; User Verilog HDL File  ; C:/Users/pedro/OneDrive/Documentos/CEFETMG/2023.2/Laboratório AOC II/Práticas AOC2/Prática 3/Prática 3 - Pedro/InstructionQueue.v   ;         ;
; ULA.v                            ; yes             ; User Verilog HDL File  ; C:/Users/pedro/OneDrive/Documentos/CEFETMG/2023.2/Laboratório AOC II/Práticas AOC2/Prática 3/Prática 3 - Pedro/ULA.v                ;         ;
; ULA_LD_SD.v                      ; yes             ; User Verilog HDL File  ; C:/Users/pedro/OneDrive/Documentos/CEFETMG/2023.2/Laboratório AOC II/Práticas AOC2/Prática 3/Prática 3 - Pedro/ULA_LD_SD.v          ;         ;
; ReservationStation.v             ; yes             ; User Verilog HDL File  ; C:/Users/pedro/OneDrive/Documentos/CEFETMG/2023.2/Laboratório AOC II/Práticas AOC2/Prática 3/Prática 3 - Pedro/ReservationStation.v ;         ;
; BankOfRegisters.v                ; yes             ; User Verilog HDL File  ; C:/Users/pedro/OneDrive/Documentos/CEFETMG/2023.2/Laboratório AOC II/Práticas AOC2/Prática 3/Prática 3 - Pedro/BankOfRegisters.v    ;         ;
; CDBArbiter.v                     ; yes             ; User Verilog HDL File  ; C:/Users/pedro/OneDrive/Documentos/CEFETMG/2023.2/Laboratório AOC II/Práticas AOC2/Prática 3/Prática 3 - Pedro/CDBArbiter.v         ;         ;
+----------------------------------+-----------------+------------------------+-------------------------------------------------------------------------------------------------------------------------------------+---------+


+-----------------------------------------------------+
; Analysis & Synthesis Resource Usage Summary         ;
+---------------------------------------------+-------+
; Resource                                    ; Usage ;
+---------------------------------------------+-------+
;                                             ;       ;
; Total combinational functions               ; 0     ;
; Logic element usage by number of LUT inputs ;       ;
;     -- 4 input functions                    ; 0     ;
;     -- 3 input functions                    ; 0     ;
;     -- <=2 input functions                  ; 0     ;
;                                             ;       ;
; Logic elements by mode                      ;       ;
;     -- normal mode                          ; 0     ;
;     -- arithmetic mode                      ; 0     ;
;                                             ;       ;
; Total registers                             ; 0     ;
;     -- Dedicated logic registers            ; 0     ;
;     -- I/O registers                        ; 0     ;
;                                             ;       ;
; I/O pins                                    ; 2     ;
; Embedded Multiplier 9-bit elements          ; 0     ;
+---------------------------------------------+-------+


+-----------------------------------------------------------------------------------------------------------------------------------------------------------------------------+
; Analysis & Synthesis Resource Utilization by Entity                                                                                                                         ;
+----------------------------+-------------------+--------------+-------------+--------------+---------+-----------+------+--------------+---------------------+--------------+
; Compilation Hierarchy Node ; LC Combinationals ; LC Registers ; Memory Bits ; DSP Elements ; DSP 9x9 ; DSP 18x18 ; Pins ; Virtual Pins ; Full Hierarchy Name ; Library Name ;
+----------------------------+-------------------+--------------+-------------+--------------+---------+-----------+------+--------------+---------------------+--------------+
; |tomasulo                  ; 0 (0)             ; 0 (0)        ; 0           ; 0            ; 0       ; 0         ; 2    ; 0            ; |tomasulo           ; work         ;
+----------------------------+-------------------+--------------+-------------+--------------+---------+-----------+------+--------------+---------------------+--------------+
Note: For table entries with two numbers listed, the numbers in parentheses indicate the number of resources of the given type used by the specific entity alone. The numbers listed outside of parentheses indicate the total resources of the given type used by the specific entity and all of its sub-entities in the hierarchy.


+------------------------------------------------------+
; General Register Statistics                          ;
+----------------------------------------------+-------+
; Statistic                                    ; Value ;
+----------------------------------------------+-------+
; Total registers                              ; 0     ;
; Number of registers using Synchronous Clear  ; 0     ;
; Number of registers using Synchronous Load   ; 0     ;
; Number of registers using Asynchronous Clear ; 0     ;
; Number of registers using Asynchronous Load  ; 0     ;
; Number of registers using Clock Enable       ; 0     ;
; Number of registers using Preset             ; 0     ;
+----------------------------------------------+-------+


+------------------------------------------------------------------------------------------------------------------------------------------------------------------------------------------------------------------+
; Port Connectivity Checks: "ULA_LD_SD:ula_ld_sd"                                                                                                                                                                  ;
+----------+-------+----------+------------------------------------------------------------------------------------------------------------------------------------------------------------------------------------+
; Port     ; Type  ; Severity ; Details                                                                                                                                                                            ;
+----------+-------+----------+------------------------------------------------------------------------------------------------------------------------------------------------------------------------------------+
; imediate ; Input ; Warning  ; Input port expression (16 bits) is wider than the input port (4 bits) it drives.  The 12 most-significant bit(s) in the expression will be dangling if they have no other fanouts. ;
+----------+-------+----------+------------------------------------------------------------------------------------------------------------------------------------------------------------------------------------+


+--------------------------------------------------------------------------------------------------------------------------------+
; Port Connectivity Checks: "ReservationStation:reservation_station"                                                             ;
+----------------------+--------+----------+-------------------------------------------------------------------------------------+
; Port                 ; Type   ; Severity ; Details                                                                             ;
+----------------------+--------+----------+-------------------------------------------------------------------------------------+
; operand2_ldsd[15..4] ; Output ; Info     ; Connected to dangling logic. Logic that only feeds a dangling port will be removed. ;
+----------------------+--------+----------+-------------------------------------------------------------------------------------+


+----------------------------------------------------------------------------------------------------------------------------------------------------------------------------+
; Port Connectivity Checks: "BankOfRegisters:bank_of_registers|Reg2:R2"                                                                                                      ;
+------+-------+----------+--------------------------------------------------------------------------------------------------------------------------------------------------+
; Port ; Type  ; Severity ; Details                                                                                                                                          ;
+------+-------+----------+--------------------------------------------------------------------------------------------------------------------------------------------------+
; data ; Input ; Warning  ; Input port expression (10 bits) is smaller than the input port (16 bits) it drives.  Extra input bit(s) "data[15..10]" will be connected to GND. ;
+------+-------+----------+--------------------------------------------------------------------------------------------------------------------------------------------------+


+----------------------------------------------------------------------------------------------------------------------------------------------------------------------------+
; Port Connectivity Checks: "BankOfRegisters:bank_of_registers|Reg1:R1"                                                                                                      ;
+------+-------+----------+--------------------------------------------------------------------------------------------------------------------------------------------------+
; Port ; Type  ; Severity ; Details                                                                                                                                          ;
+------+-------+----------+--------------------------------------------------------------------------------------------------------------------------------------------------+
; data ; Input ; Warning  ; Input port expression (10 bits) is smaller than the input port (16 bits) it drives.  Extra input bit(s) "data[15..10]" will be connected to GND. ;
+------+-------+----------+--------------------------------------------------------------------------------------------------------------------------------------------------+


+----------------------------------------------------------------------------------------------------------------------------------------------------------------------------+
; Port Connectivity Checks: "BankOfRegisters:bank_of_registers|Reg0:R0"                                                                                                      ;
+------+-------+----------+--------------------------------------------------------------------------------------------------------------------------------------------------+
; Port ; Type  ; Severity ; Details                                                                                                                                          ;
+------+-------+----------+--------------------------------------------------------------------------------------------------------------------------------------------------+
; data ; Input ; Warning  ; Input port expression (10 bits) is smaller than the input port (16 bits) it drives.  Extra input bit(s) "data[15..10]" will be connected to GND. ;
+------+-------+----------+--------------------------------------------------------------------------------------------------------------------------------------------------+


+-------------------------------+
; Elapsed Time Per Partition    ;
+----------------+--------------+
; Partition Name ; Elapsed Time ;
+----------------+--------------+
; Top            ; 00:00:00     ;
+----------------+--------------+


+-------------------------------+
; Analysis & Synthesis Messages ;
+-------------------------------+
Info: *******************************************************************
Info: Running Quartus II 64-Bit Analysis & Synthesis
    Info: Version 13.0.1 Build 232 06/12/2013 Service Pack 1 SJ Web Edition
    Info: Processing started: Fri Oct 27 15:15:30 2023
Info: Command: quartus_map --read_settings_files=on --write_settings_files=off tomasulo -c tomasulo
Warning (20028): Parallel compilation is not licensed and has been disabled
Info (12021): Found 1 design units, including 1 entities, in source file ram.v
    Info (12023): Found entity 1: ram
Info (12021): Found 1 design units, including 1 entities, in source file tomasulo.v
    Info (12023): Found entity 1: tomasulo
Info (12021): Found 1 design units, including 1 entities, in source file instructionqueue.v
    Info (12023): Found entity 1: InstructionQueue
Info (12021): Found 1 design units, including 1 entities, in source file ula.v
    Info (12023): Found entity 1: ULA
Info (12021): Found 1 design units, including 1 entities, in source file register.v
    Info (12023): Found entity 1: Register
Info (12021): Found 1 design units, including 1 entities, in source file ula_ld_sd.v
    Info (12023): Found entity 1: ULA_LD_SD
Info (12021): Found 1 design units, including 1 entities, in source file reservationstation.v
    Info (12023): Found entity 1: ReservationStation
Info (12021): Found 4 design units, including 4 entities, in source file bankofregisters.v
    Info (12023): Found entity 1: BankOfRegisters
    Info (12023): Found entity 2: Reg0
    Info (12023): Found entity 3: Reg1
    Info (12023): Found entity 4: Reg2
Info (12021): Found 1 design units, including 1 entities, in source file cdbarbiter.v
    Info (12023): Found entity 1: CDBArbiter
Info (12127): Elaborating entity "tomasulo" for the top level hierarchy
Info (12128): Elaborating entity "BankOfRegisters" for hierarchy "BankOfRegisters:bank_of_registers"
Info (12128): Elaborating entity "Reg0" for hierarchy "BankOfRegisters:bank_of_registers|Reg0:R0"
Info (12128): Elaborating entity "Reg1" for hierarchy "BankOfRegisters:bank_of_registers|Reg1:R1"
Info (12128): Elaborating entity "Reg2" for hierarchy "BankOfRegisters:bank_of_registers|Reg2:R2"
Info (12128): Elaborating entity "InstructionQueue" for hierarchy "InstructionQueue:instruction_queue"
Info (12128): Elaborating entity "ReservationStation" for hierarchy "ReservationStation:reservation_station"
Warning (10036): Verilog HDL or VHDL warning at ReservationStation.v(56): object "Address" assigned a value but never read
Warning (10036): Verilog HDL or VHDL warning at ReservationStation.v(57): object "full_instruction" assigned a value but never read
Warning (10036): Verilog HDL or VHDL warning at ReservationStation.v(78): object "teste" assigned a value but never read
Warning (10230): Verilog HDL assignment warning at ReservationStation.v(381): truncated value with size 32 to match size of target (2)
Warning (10230): Verilog HDL assignment warning at ReservationStation.v(397): truncated value with size 32 to match size of target (2)
Info (12128): Elaborating entity "ULA" for hierarchy "ULA:ula"
Warning (10230): Verilog HDL assignment warning at ULA.v(68): truncated value with size 22 to match size of target (16)
Warning (10230): Verilog HDL assignment warning at ULA.v(71): truncated value with size 22 to match size of target (16)
Warning (10230): Verilog HDL assignment warning at ULA.v(74): truncated value with size 22 to match size of target (16)
Warning (10230): Verilog HDL assignment warning at ULA.v(87): truncated value with size 22 to match size of target (16)
Warning (10230): Verilog HDL assignment warning at ULA.v(90): truncated value with size 22 to match size of target (16)
Warning (10230): Verilog HDL assignment warning at ULA.v(93): truncated value with size 22 to match size of target (16)
Info (12128): Elaborating entity "ULA_LD_SD" for hierarchy "ULA_LD_SD:ula_ld_sd"
Warning (10230): Verilog HDL assignment warning at ULA_LD_SD.v(62): truncated value with size 22 to match size of target (16)
Warning (10230): Verilog HDL assignment warning at ULA_LD_SD.v(65): truncated value with size 22 to match size of target (16)
Warning (10230): Verilog HDL assignment warning at ULA_LD_SD.v(68): truncated value with size 22 to match size of target (16)
Info (12128): Elaborating entity "CDBArbiter" for hierarchy "CDBArbiter:cdb_arbiter"
Warning (12241): 4 hierarchies have connectivity warnings - see the Connectivity Checks report folder
Info (144001): Generated suppressed messages file C:/Users/pedro/OneDrive/Documentos/CEFETMG/2023.2/Laboratório AOC II/Práticas AOC2/Prática 3/Prática 3 - Pedro/output_files/tomasulo.map.smsg
Info (16010): Generating hard_block partition "hard_block:auto_generated_inst"
    Info (16011): Adding 0 node(s), including 0 DDIO, 0 PLL, 0 transceiver and 0 LCELL
Warning (21074): Design contains 2 input pin(s) that do not drive logic
    Warning (15610): No output dependent on input pin "clock"
    Warning (15610): No output dependent on input pin "reset"
Info (21057): Implemented 2 device resources after synthesis - the final resource count might be different
    Info (21058): Implemented 2 input pins
    Info (21059): Implemented 0 output pins
Info: Quartus II 64-Bit Analysis & Synthesis was successful. 0 errors, 19 warnings
    Info: Peak virtual memory: 4597 megabytes
    Info: Processing ended: Fri Oct 27 15:15:31 2023
    Info: Elapsed time: 00:00:01
    Info: Total CPU time (on all processors): 00:00:01


+------------------------------------------+
; Analysis & Synthesis Suppressed Messages ;
+------------------------------------------+
The suppressed messages can be found in C:/Users/pedro/OneDrive/Documentos/CEFETMG/2023.2/Laboratório AOC II/Práticas AOC2/Prática 3/Prática 3 - Pedro/output_files/tomasulo.map.smsg.


