Analysis & Synthesis report for memoria
Fri Aug 18 14:19:13 2023
Quartus II 64-Bit Version 13.0.1 Build 232 06/12/2013 Service Pack 1 SJ Web Edition


---------------------
; Table of Contents ;
---------------------
  1. Legal Notice
  2. Analysis & Synthesis Summary
  3. Analysis & Synthesis Settings
  4. Parallel Compilation
  5. Analysis & Synthesis Source Files Read
  6. Analysis & Synthesis Resource Usage Summary
  7. Analysis & Synthesis Resource Utilization by Entity
  8. Analysis & Synthesis RAM Summary
  9. Analysis & Synthesis IP Cores Summary
 10. General Register Statistics
 11. Source assignments for ramlpm:RAM|altsyncram:altsyncram_component|altsyncram_lqe1:auto_generated
 12. Parameter Settings for User Entity Instance: ramlpm:RAM|altsyncram:altsyncram_component
 13. Parameter Settings for User Entity Instance: disp7seg:dispSeg1
 14. Parameter Settings for User Entity Instance: disp7seg:dispSeg0
 15. Parameter Settings for User Entity Instance: disp7seg:dispSeg5
 16. Parameter Settings for User Entity Instance: disp7seg:dispSeg4
 17. Parameter Settings for User Entity Instance: disp7seg:dispSeg7
 18. Parameter Settings for User Entity Instance: disp7seg:dispSeg6
 19. altsyncram Parameter Settings by Entity Instance
 20. Port Connectivity Checks: "disp7seg:dispSeg6"
 21. Port Connectivity Checks: "disp7seg:dispSeg7"
 22. Port Connectivity Checks: "disp7seg:dispSeg4"
 23. Port Connectivity Checks: "disp7seg:dispSeg5"
 24. Port Connectivity Checks: "disp7seg:dispSeg0"
 25. Port Connectivity Checks: "disp7seg:dispSeg1"
 26. Elapsed Time Per Partition
 27. Analysis & Synthesis Messages



----------------
; Legal Notice ;
----------------
Copyright (C) 1991-2013 Altera Corporation
Your use of Altera Corporation's design tools, logic functions 
and other software and tools, and its AMPP partner logic 
functions, and any output files from any of the foregoing 
(including device programming or simulation files), and any 
associated documentation or information are expressly subject 
to the terms and conditions of the Altera Program License 
Subscription Agreement, Altera MegaCore Function License 
Agreement, or other applicable license agreement, including, 
without limitation, that your use is for the sole purpose of 
programming logic devices manufactured by Altera and sold by 
Altera or its authorized distributors.  Please refer to the 
applicable agreement for further details.



+--------------------------------------------------------------------------------------+
; Analysis & Synthesis Summary                                                         ;
+------------------------------------+-------------------------------------------------+
; Analysis & Synthesis Status        ; Successful - Fri Aug 18 14:19:13 2023           ;
; Quartus II 64-Bit Version          ; 13.0.1 Build 232 06/12/2013 SP 1 SJ Web Edition ;
; Revision Name                      ; memoria                                         ;
; Top-level Entity Name              ; memoria                                         ;
; Family                             ; Cyclone II                                      ;
; Total logic elements               ; 35                                              ;
;     Total combinational functions  ; 35                                              ;
;     Dedicated logic registers      ; 0                                               ;
; Total registers                    ; 0                                               ;
; Total pins                         ; 100                                             ;
; Total virtual pins                 ; 0                                               ;
; Total memory bits                  ; 256                                             ;
; Embedded Multiplier 9-bit elements ; 0                                               ;
; Total PLLs                         ; 0                                               ;
+------------------------------------+-------------------------------------------------+


+----------------------------------------------------------------------------------------------------------------------+
; Analysis & Synthesis Settings                                                                                        ;
+----------------------------------------------------------------------------+--------------------+--------------------+
; Option                                                                     ; Setting            ; Default Value      ;
+----------------------------------------------------------------------------+--------------------+--------------------+
; Device                                                                     ; EP2C35F672C6       ;                    ;
; Top-level entity name                                                      ; memoria            ; memoria            ;
; Family name                                                                ; Cyclone II         ; Cyclone IV GX      ;
; Use smart compilation                                                      ; Off                ; Off                ;
; Enable parallel Assembler and TimeQuest Timing Analyzer during compilation ; On                 ; On                 ;
; Enable compact report table                                                ; Off                ; Off                ;
; Restructure Multiplexers                                                   ; Auto               ; Auto               ;
; Create Debugging Nodes for IP Cores                                        ; Off                ; Off                ;
; Preserve fewer node names                                                  ; On                 ; On                 ;
; Disable OpenCore Plus hardware evaluation                                  ; Off                ; Off                ;
; Verilog Version                                                            ; Verilog_2001       ; Verilog_2001       ;
; VHDL Version                                                               ; VHDL_1993          ; VHDL_1993          ;
; State Machine Processing                                                   ; Auto               ; Auto               ;
; Safe State Machine                                                         ; Off                ; Off                ;
; Extract Verilog State Machines                                             ; On                 ; On                 ;
; Extract VHDL State Machines                                                ; On                 ; On                 ;
; Ignore Verilog initial constructs                                          ; Off                ; Off                ;
; Iteration limit for constant Verilog loops                                 ; 5000               ; 5000               ;
; Iteration limit for non-constant Verilog loops                             ; 250                ; 250                ;
; Add Pass-Through Logic to Inferred RAMs                                    ; On                 ; On                 ;
; Infer RAMs from Raw Logic                                                  ; On                 ; On                 ;
; Parallel Synthesis                                                         ; On                 ; On                 ;
; DSP Block Balancing                                                        ; Auto               ; Auto               ;
; NOT Gate Push-Back                                                         ; On                 ; On                 ;
; Power-Up Don't Care                                                        ; On                 ; On                 ;
; Remove Redundant Logic Cells                                               ; Off                ; Off                ;
; Remove Duplicate Registers                                                 ; On                 ; On                 ;
; Ignore CARRY Buffers                                                       ; Off                ; Off                ;
; Ignore CASCADE Buffers                                                     ; Off                ; Off                ;
; Ignore GLOBAL Buffers                                                      ; Off                ; Off                ;
; Ignore ROW GLOBAL Buffers                                                  ; Off                ; Off                ;
; Ignore LCELL Buffers                                                       ; Off                ; Off                ;
; Ignore SOFT Buffers                                                        ; On                 ; On                 ;
; Limit AHDL Integers to 32 Bits                                             ; Off                ; Off                ;
; Optimization Technique                                                     ; Balanced           ; Balanced           ;
; Carry Chain Length                                                         ; 70                 ; 70                 ;
; Auto Carry Chains                                                          ; On                 ; On                 ;
; Auto Open-Drain Pins                                                       ; On                 ; On                 ;
; Perform WYSIWYG Primitive Resynthesis                                      ; Off                ; Off                ;
; Auto ROM Replacement                                                       ; On                 ; On                 ;
; Auto RAM Replacement                                                       ; On                 ; On                 ;
; Auto Shift Register Replacement                                            ; Auto               ; Auto               ;
; Allow Shift Register Merging across Hierarchies                            ; Auto               ; Auto               ;
; Auto Clock Enable Replacement                                              ; On                 ; On                 ;
; Strict RAM Replacement                                                     ; Off                ; Off                ;
; Allow Synchronous Control Signals                                          ; On                 ; On                 ;
; Force Use of Synchronous Clear Signals                                     ; Off                ; Off                ;
; Auto RAM to Logic Cell Conversion                                          ; Off                ; Off                ;
; Auto Resource Sharing                                                      ; Off                ; Off                ;
; Allow Any RAM Size For Recognition                                         ; Off                ; Off                ;
; Allow Any ROM Size For Recognition                                         ; Off                ; Off                ;
; Allow Any Shift Register Size For Recognition                              ; Off                ; Off                ;
; Use LogicLock Constraints during Resource Balancing                        ; On                 ; On                 ;
; Ignore translate_off and synthesis_off directives                          ; Off                ; Off                ;
; Timing-Driven Synthesis                                                    ; Off                ; Off                ;
; Report Parameter Settings                                                  ; On                 ; On                 ;
; Report Source Assignments                                                  ; On                 ; On                 ;
; Report Connectivity Checks                                                 ; On                 ; On                 ;
; Ignore Maximum Fan-Out Assignments                                         ; Off                ; Off                ;
; Synchronization Register Chain Length                                      ; 2                  ; 2                  ;
; PowerPlay Power Optimization                                               ; Normal compilation ; Normal compilation ;
; HDL message level                                                          ; Level2             ; Level2             ;
; Suppress Register Optimization Related Messages                            ; Off                ; Off                ;
; Number of Removed Registers Reported in Synthesis Report                   ; 5000               ; 5000               ;
; Number of Swept Nodes Reported in Synthesis Report                         ; 5000               ; 5000               ;
; Number of Inverted Registers Reported in Synthesis Report                  ; 100                ; 100                ;
; Clock MUX Protection                                                       ; On                 ; On                 ;
; Auto Gated Clock Conversion                                                ; Off                ; Off                ;
; Block Design Naming                                                        ; Auto               ; Auto               ;
; SDC constraint protection                                                  ; Off                ; Off                ;
; Synthesis Effort                                                           ; Auto               ; Auto               ;
; Shift Register Replacement - Allow Asynchronous Clear Signal               ; On                 ; On                 ;
; Pre-Mapping Resynthesis Optimization                                       ; Off                ; Off                ;
; Analysis & Synthesis Message Level                                         ; Medium             ; Medium             ;
; Disable Register Merging Across Hierarchies                                ; Auto               ; Auto               ;
; Resource Aware Inference For Block RAM                                     ; On                 ; On                 ;
; Synthesis Seed                                                             ; 1                  ; 1                  ;
+----------------------------------------------------------------------------+--------------------+--------------------+


Parallel compilation was disabled, but you have multiple processors available. Enable parallel compilation to reduce compilation time.
+-------------------------------------+
; Parallel Compilation                ;
+----------------------------+--------+
; Processors                 ; Number ;
+----------------------------+--------+
; Number detected on machine ; 8      ;
; Maximum allowed            ; 1      ;
+----------------------------+--------+


+-------------------------------------------------------------------------------------------------------------------------------------------------------------------------------------------------------------------------------------------------+
; Analysis & Synthesis Source Files Read                                                                                                                                                                                                          ;
+----------------------------------+-----------------+----------------------------------+-----------------------------------------------------------------------------------------------------------------------------------------------+---------+
; File Name with User-Entered Path ; Used in Netlist ; File Type                        ; File Name with Absolute Path                                                                                                                  ; Library ;
+----------------------------------+-----------------+----------------------------------+-----------------------------------------------------------------------------------------------------------------------------------------------+---------+
; memoria.v                        ; yes             ; User Verilog HDL File            ; C:/Users/pedro/OneDrive/Documentos/CEFETMG/2023.2/Laboratório AOC II/Prática 1/Prática 1 - Parte 1 - Entrega/pratica01/memoria.v              ;         ;
; ramlpm.v                         ; yes             ; User Wizard-Generated File       ; C:/Users/pedro/OneDrive/Documentos/CEFETMG/2023.2/Laboratório AOC II/Prática 1/Prática 1 - Parte 1 - Entrega/pratica01/ramlpm.v               ;         ;
; disp7seg.v                       ; yes             ; User Verilog HDL File            ; C:/Users/pedro/OneDrive/Documentos/CEFETMG/2023.2/Laboratório AOC II/Prática 1/Prática 1 - Parte 1 - Entrega/pratica01/disp7seg.v             ;         ;
; memoria.mif                      ; yes             ; User Memory Initialization File  ; C:/Users/pedro/OneDrive/Documentos/CEFETMG/2023.2/Laboratório AOC II/Prática 1/Prática 1 - Parte 1 - Entrega/pratica01/memoria.mif            ;         ;
; altsyncram.tdf                   ; yes             ; Megafunction                     ; c:/altera/13.0sp1/quartus/libraries/megafunctions/altsyncram.tdf                                                                              ;         ;
; stratix_ram_block.inc            ; yes             ; Megafunction                     ; c:/altera/13.0sp1/quartus/libraries/megafunctions/stratix_ram_block.inc                                                                       ;         ;
; lpm_mux.inc                      ; yes             ; Megafunction                     ; c:/altera/13.0sp1/quartus/libraries/megafunctions/lpm_mux.inc                                                                                 ;         ;
; lpm_decode.inc                   ; yes             ; Megafunction                     ; c:/altera/13.0sp1/quartus/libraries/megafunctions/lpm_decode.inc                                                                              ;         ;
; aglobal130.inc                   ; yes             ; Megafunction                     ; c:/altera/13.0sp1/quartus/libraries/megafunctions/aglobal130.inc                                                                              ;         ;
; a_rdenreg.inc                    ; yes             ; Megafunction                     ; c:/altera/13.0sp1/quartus/libraries/megafunctions/a_rdenreg.inc                                                                               ;         ;
; altrom.inc                       ; yes             ; Megafunction                     ; c:/altera/13.0sp1/quartus/libraries/megafunctions/altrom.inc                                                                                  ;         ;
; altram.inc                       ; yes             ; Megafunction                     ; c:/altera/13.0sp1/quartus/libraries/megafunctions/altram.inc                                                                                  ;         ;
; altdpram.inc                     ; yes             ; Megafunction                     ; c:/altera/13.0sp1/quartus/libraries/megafunctions/altdpram.inc                                                                                ;         ;
; db/altsyncram_lqe1.tdf           ; yes             ; Auto-Generated Megafunction      ; C:/Users/pedro/OneDrive/Documentos/CEFETMG/2023.2/Laboratório AOC II/Prática 1/Prática 1 - Parte 1 - Entrega/pratica01/db/altsyncram_lqe1.tdf ;         ;
+----------------------------------+-----------------+----------------------------------+-----------------------------------------------------------------------------------------------------------------------------------------------+---------+


+-----------------------------------------------------+
; Analysis & Synthesis Resource Usage Summary         ;
+---------------------------------------------+-------+
; Resource                                    ; Usage ;
+---------------------------------------------+-------+
; Estimated Total logic elements              ; 35    ;
;                                             ;       ;
; Total combinational functions               ; 35    ;
; Logic element usage by number of LUT inputs ;       ;
;     -- 4 input functions                    ; 35    ;
;     -- 3 input functions                    ; 0     ;
;     -- <=2 input functions                  ; 0     ;
;                                             ;       ;
; Logic elements by mode                      ;       ;
;     -- normal mode                          ; 35    ;
;     -- arithmetic mode                      ; 0     ;
;                                             ;       ;
; Total registers                             ; 0     ;
;     -- Dedicated logic registers            ; 0     ;
;     -- I/O registers                        ; 0     ;
;                                             ;       ;
; I/O pins                                    ; 100   ;
; Total memory bits                           ; 256   ;
; Embedded Multiplier 9-bit elements          ; 0     ;
; Maximum fan-out node                        ; SW[0] ;
; Maximum fan-out                             ; 15    ;
; Total fan-out                               ; 247   ;
; Average fan-out                             ; 1.73  ;
+---------------------------------------------+-------+


+-----------------------------------------------------------------------------------------------------------------------------------------------------------------------------------------------------------------------------------------------------------+
; Analysis & Synthesis Resource Utilization by Entity                                                                                                                                                                                                       ;
+-------------------------------------------+-------------------+--------------+-------------+--------------+---------+-----------+------+--------------+------------------------------------------------------------------------------------+--------------+
; Compilation Hierarchy Node                ; LC Combinationals ; LC Registers ; Memory Bits ; DSP Elements ; DSP 9x9 ; DSP 18x18 ; Pins ; Virtual Pins ; Full Hierarchy Name                                                                ; Library Name ;
+-------------------------------------------+-------------------+--------------+-------------+--------------+---------+-----------+------+--------------+------------------------------------------------------------------------------------+--------------+
; |memoria                                  ; 35 (0)            ; 0 (0)        ; 256         ; 0            ; 0       ; 0         ; 100  ; 0            ; |memoria                                                                           ; work         ;
;    |disp7seg:dispSeg0|                    ; 7 (7)             ; 0 (0)        ; 0           ; 0            ; 0       ; 0         ; 0    ; 0            ; |memoria|disp7seg:dispSeg0                                                         ; work         ;
;    |disp7seg:dispSeg1|                    ; 7 (7)             ; 0 (0)        ; 0           ; 0            ; 0       ; 0         ; 0    ; 0            ; |memoria|disp7seg:dispSeg1                                                         ; work         ;
;    |disp7seg:dispSeg4|                    ; 7 (7)             ; 0 (0)        ; 0           ; 0            ; 0       ; 0         ; 0    ; 0            ; |memoria|disp7seg:dispSeg4                                                         ; work         ;
;    |disp7seg:dispSeg6|                    ; 7 (7)             ; 0 (0)        ; 0           ; 0            ; 0       ; 0         ; 0    ; 0            ; |memoria|disp7seg:dispSeg6                                                         ; work         ;
;    |disp7seg:dispSeg7|                    ; 7 (7)             ; 0 (0)        ; 0           ; 0            ; 0       ; 0         ; 0    ; 0            ; |memoria|disp7seg:dispSeg7                                                         ; work         ;
;    |ramlpm:RAM|                           ; 0 (0)             ; 0 (0)        ; 256         ; 0            ; 0       ; 0         ; 0    ; 0            ; |memoria|ramlpm:RAM                                                                ; work         ;
;       |altsyncram:altsyncram_component|   ; 0 (0)             ; 0 (0)        ; 256         ; 0            ; 0       ; 0         ; 0    ; 0            ; |memoria|ramlpm:RAM|altsyncram:altsyncram_component                                ; work         ;
;          |altsyncram_lqe1:auto_generated| ; 0 (0)             ; 0 (0)        ; 256         ; 0            ; 0       ; 0         ; 0    ; 0            ; |memoria|ramlpm:RAM|altsyncram:altsyncram_component|altsyncram_lqe1:auto_generated ; work         ;
+-------------------------------------------+-------------------+--------------+-------------+--------------+---------+-----------+------+--------------+------------------------------------------------------------------------------------+--------------+
Note: For table entries with two numbers listed, the numbers in parentheses indicate the number of resources of the given type used by the specific entity alone. The numbers listed outside of parentheses indicate the total resources of the given type used by the specific entity and all of its sub-entities in the hierarchy.


+--------------------------------------------------------------------------------------------------------------------------------------------------------------------------------------------+
; Analysis & Synthesis RAM Summary                                                                                                                                                           ;
+--------------------------------------------------------------------------------------+------+-------------+--------------+--------------+--------------+--------------+------+-------------+
; Name                                                                                 ; Type ; Mode        ; Port A Depth ; Port A Width ; Port B Depth ; Port B Width ; Size ; MIF         ;
+--------------------------------------------------------------------------------------+------+-------------+--------------+--------------+--------------+--------------+------+-------------+
; ramlpm:RAM|altsyncram:altsyncram_component|altsyncram_lqe1:auto_generated|ALTSYNCRAM ; M4K  ; Single Port ; 32           ; 8            ; --           ; --           ; 256  ; memoria.mif ;
+--------------------------------------------------------------------------------------+------+-------------+--------------+--------------+--------------+--------------+------+-------------+


+-----------------------------------------------------------------------------------------------------------------------------------------------------------------------------------------------------------------------+
; Analysis & Synthesis IP Cores Summary                                                                                                                                                                                 ;
+--------+--------------+---------+--------------+--------------+---------------------+---------------------------------------------------------------------------------------------------------------------------------+
; Vendor ; IP Core Name ; Version ; Release Date ; License Type ; Entity Instance     ; IP Include File                                                                                                                 ;
+--------+--------------+---------+--------------+--------------+---------------------+---------------------------------------------------------------------------------------------------------------------------------+
; Altera ; RAM: 1-PORT  ; N/A     ; N/A          ; N/A          ; |memoria|ramlpm:RAM ; C:/Users/pedro/OneDrive/Documentos/CEFETMG/2023.2/Laboratório AOC II/Prática 1/Prática 1 - Parte 1 - Entrega/pratica01/ramlpm.v ;
+--------+--------------+---------+--------------+--------------+---------------------+---------------------------------------------------------------------------------------------------------------------------------+


+------------------------------------------------------+
; General Register Statistics                          ;
+----------------------------------------------+-------+
; Statistic                                    ; Value ;
+----------------------------------------------+-------+
; Total registers                              ; 0     ;
; Number of registers using Synchronous Clear  ; 0     ;
; Number of registers using Synchronous Load   ; 0     ;
; Number of registers using Asynchronous Clear ; 0     ;
; Number of registers using Asynchronous Load  ; 0     ;
; Number of registers using Clock Enable       ; 0     ;
; Number of registers using Preset             ; 0     ;
+----------------------------------------------+-------+


+--------------------------------------------------------------------------------------------------+
; Source assignments for ramlpm:RAM|altsyncram:altsyncram_component|altsyncram_lqe1:auto_generated ;
+---------------------------------+--------------------+------+------------------------------------+
; Assignment                      ; Value              ; From ; To                                 ;
+---------------------------------+--------------------+------+------------------------------------+
; OPTIMIZE_POWER_DURING_SYNTHESIS ; NORMAL_COMPILATION ; -    ; -                                  ;
+---------------------------------+--------------------+------+------------------------------------+


+-----------------------------------------------------------------------------------------+
; Parameter Settings for User Entity Instance: ramlpm:RAM|altsyncram:altsyncram_component ;
+------------------------------------+----------------------+-----------------------------+
; Parameter Name                     ; Value                ; Type                        ;
+------------------------------------+----------------------+-----------------------------+
; BYTE_SIZE_BLOCK                    ; 8                    ; Untyped                     ;
; AUTO_CARRY_CHAINS                  ; ON                   ; AUTO_CARRY                  ;
; IGNORE_CARRY_BUFFERS               ; OFF                  ; IGNORE_CARRY                ;
; AUTO_CASCADE_CHAINS                ; ON                   ; AUTO_CASCADE                ;
; IGNORE_CASCADE_BUFFERS             ; OFF                  ; IGNORE_CASCADE              ;
; WIDTH_BYTEENA                      ; 1                    ; Untyped                     ;
; OPERATION_MODE                     ; SINGLE_PORT          ; Untyped                     ;
; WIDTH_A                            ; 8                    ; Signed Integer              ;
; WIDTHAD_A                          ; 5                    ; Signed Integer              ;
; NUMWORDS_A                         ; 32                   ; Signed Integer              ;
; OUTDATA_REG_A                      ; UNREGISTERED         ; Untyped                     ;
; ADDRESS_ACLR_A                     ; NONE                 ; Untyped                     ;
; OUTDATA_ACLR_A                     ; NONE                 ; Untyped                     ;
; WRCONTROL_ACLR_A                   ; NONE                 ; Untyped                     ;
; INDATA_ACLR_A                      ; NONE                 ; Untyped                     ;
; BYTEENA_ACLR_A                     ; NONE                 ; Untyped                     ;
; WIDTH_B                            ; 1                    ; Untyped                     ;
; WIDTHAD_B                          ; 1                    ; Untyped                     ;
; NUMWORDS_B                         ; 1                    ; Untyped                     ;
; INDATA_REG_B                       ; CLOCK1               ; Untyped                     ;
; WRCONTROL_WRADDRESS_REG_B          ; CLOCK1               ; Untyped                     ;
; RDCONTROL_REG_B                    ; CLOCK1               ; Untyped                     ;
; ADDRESS_REG_B                      ; CLOCK1               ; Untyped                     ;
; OUTDATA_REG_B                      ; UNREGISTERED         ; Untyped                     ;
; BYTEENA_REG_B                      ; CLOCK1               ; Untyped                     ;
; INDATA_ACLR_B                      ; NONE                 ; Untyped                     ;
; WRCONTROL_ACLR_B                   ; NONE                 ; Untyped                     ;
; ADDRESS_ACLR_B                     ; NONE                 ; Untyped                     ;
; OUTDATA_ACLR_B                     ; NONE                 ; Untyped                     ;
; RDCONTROL_ACLR_B                   ; NONE                 ; Untyped                     ;
; BYTEENA_ACLR_B                     ; NONE                 ; Untyped                     ;
; WIDTH_BYTEENA_A                    ; 1                    ; Signed Integer              ;
; WIDTH_BYTEENA_B                    ; 1                    ; Untyped                     ;
; RAM_BLOCK_TYPE                     ; M4K                  ; Untyped                     ;
; BYTE_SIZE                          ; 8                    ; Untyped                     ;
; READ_DURING_WRITE_MODE_MIXED_PORTS ; DONT_CARE            ; Untyped                     ;
; READ_DURING_WRITE_MODE_PORT_A      ; NEW_DATA_NO_NBE_READ ; Untyped                     ;
; READ_DURING_WRITE_MODE_PORT_B      ; NEW_DATA_NO_NBE_READ ; Untyped                     ;
; INIT_FILE                          ; memoria.mif          ; Untyped                     ;
; INIT_FILE_LAYOUT                   ; PORT_A               ; Untyped                     ;
; MAXIMUM_DEPTH                      ; 0                    ; Untyped                     ;
; CLOCK_ENABLE_INPUT_A               ; BYPASS               ; Untyped                     ;
; CLOCK_ENABLE_INPUT_B               ; NORMAL               ; Untyped                     ;
; CLOCK_ENABLE_OUTPUT_A              ; BYPASS               ; Untyped                     ;
; CLOCK_ENABLE_OUTPUT_B              ; NORMAL               ; Untyped                     ;
; CLOCK_ENABLE_CORE_A                ; USE_INPUT_CLKEN      ; Untyped                     ;
; CLOCK_ENABLE_CORE_B                ; USE_INPUT_CLKEN      ; Untyped                     ;
; ENABLE_ECC                         ; FALSE                ; Untyped                     ;
; ECC_PIPELINE_STAGE_ENABLED         ; FALSE                ; Untyped                     ;
; WIDTH_ECCSTATUS                    ; 3                    ; Untyped                     ;
; DEVICE_FAMILY                      ; Cyclone II           ; Untyped                     ;
; CBXI_PARAMETER                     ; altsyncram_lqe1      ; Untyped                     ;
+------------------------------------+----------------------+-----------------------------+
Note: In order to hide this table in the UI and the text report file, please set the "Show Parameter Settings in Synthesis Report" option in "Analysis and Synthesis Settings -> More Settings" to "Off".


+----------------------------------------------------------------+
; Parameter Settings for User Entity Instance: disp7seg:dispSeg1 ;
+----------------+-------+---------------------------------------+
; Parameter Name ; Value ; Type                                  ;
+----------------+-------+---------------------------------------+
; tamanho        ; 8     ; Signed Integer                        ;
+----------------+-------+---------------------------------------+
Note: In order to hide this table in the UI and the text report file, please set the "Show Parameter Settings in Synthesis Report" option in "Analysis and Synthesis Settings -> More Settings" to "Off".


+----------------------------------------------------------------+
; Parameter Settings for User Entity Instance: disp7seg:dispSeg0 ;
+----------------+-------+---------------------------------------+
; Parameter Name ; Value ; Type                                  ;
+----------------+-------+---------------------------------------+
; tamanho        ; 8     ; Signed Integer                        ;
+----------------+-------+---------------------------------------+
Note: In order to hide this table in the UI and the text report file, please set the "Show Parameter Settings in Synthesis Report" option in "Analysis and Synthesis Settings -> More Settings" to "Off".


+----------------------------------------------------------------+
; Parameter Settings for User Entity Instance: disp7seg:dispSeg5 ;
+----------------+-------+---------------------------------------+
; Parameter Name ; Value ; Type                                  ;
+----------------+-------+---------------------------------------+
; tamanho        ; 8     ; Signed Integer                        ;
+----------------+-------+---------------------------------------+
Note: In order to hide this table in the UI and the text report file, please set the "Show Parameter Settings in Synthesis Report" option in "Analysis and Synthesis Settings -> More Settings" to "Off".


+----------------------------------------------------------------+
; Parameter Settings for User Entity Instance: disp7seg:dispSeg4 ;
+----------------+-------+---------------------------------------+
; Parameter Name ; Value ; Type                                  ;
+----------------+-------+---------------------------------------+
; tamanho        ; 8     ; Signed Integer                        ;
+----------------+-------+---------------------------------------+
Note: In order to hide this table in the UI and the text report file, please set the "Show Parameter Settings in Synthesis Report" option in "Analysis and Synthesis Settings -> More Settings" to "Off".


+----------------------------------------------------------------+
; Parameter Settings for User Entity Instance: disp7seg:dispSeg7 ;
+----------------+-------+---------------------------------------+
; Parameter Name ; Value ; Type                                  ;
+----------------+-------+---------------------------------------+
; tamanho        ; 8     ; Signed Integer                        ;
+----------------+-------+---------------------------------------+
Note: In order to hide this table in the UI and the text report file, please set the "Show Parameter Settings in Synthesis Report" option in "Analysis and Synthesis Settings -> More Settings" to "Off".


+----------------------------------------------------------------+
; Parameter Settings for User Entity Instance: disp7seg:dispSeg6 ;
+----------------+-------+---------------------------------------+
; Parameter Name ; Value ; Type                                  ;
+----------------+-------+---------------------------------------+
; tamanho        ; 8     ; Signed Integer                        ;
+----------------+-------+---------------------------------------+
Note: In order to hide this table in the UI and the text report file, please set the "Show Parameter Settings in Synthesis Report" option in "Analysis and Synthesis Settings -> More Settings" to "Off".


+----------------------------------------------------------------------------------------+
; altsyncram Parameter Settings by Entity Instance                                       ;
+-------------------------------------------+--------------------------------------------+
; Name                                      ; Value                                      ;
+-------------------------------------------+--------------------------------------------+
; Number of entity instances                ; 1                                          ;
; Entity Instance                           ; ramlpm:RAM|altsyncram:altsyncram_component ;
;     -- OPERATION_MODE                     ; SINGLE_PORT                                ;
;     -- WIDTH_A                            ; 8                                          ;
;     -- NUMWORDS_A                         ; 32                                         ;
;     -- OUTDATA_REG_A                      ; UNREGISTERED                               ;
;     -- WIDTH_B                            ; 1                                          ;
;     -- NUMWORDS_B                         ; 1                                          ;
;     -- ADDRESS_REG_B                      ; CLOCK1                                     ;
;     -- OUTDATA_REG_B                      ; UNREGISTERED                               ;
;     -- RAM_BLOCK_TYPE                     ; M4K                                        ;
;     -- READ_DURING_WRITE_MODE_MIXED_PORTS ; DONT_CARE                                  ;
+-------------------------------------------+--------------------------------------------+


+--------------------------------------------------------------------------------------------------------------------------------------------------------------------------+
; Port Connectivity Checks: "disp7seg:dispSeg6"                                                                                                                            ;
+-------+-------+----------+-----------------------------------------------------------------------------------------------------------------------------------------------+
; Port  ; Type  ; Severity ; Details                                                                                                                                       ;
+-------+-------+----------+-----------------------------------------------------------------------------------------------------------------------------------------------+
; entry ; Input ; Warning  ; Input port expression (4 bits) is smaller than the input port (8 bits) it drives.  Extra input bit(s) "entry[7..4]" will be connected to GND. ;
+-------+-------+----------+-----------------------------------------------------------------------------------------------------------------------------------------------+


+--------------------------------------------------------------------------------------------------------------------------------------------------------------------------+
; Port Connectivity Checks: "disp7seg:dispSeg7"                                                                                                                            ;
+-------+-------+----------+-----------------------------------------------------------------------------------------------------------------------------------------------+
; Port  ; Type  ; Severity ; Details                                                                                                                                       ;
+-------+-------+----------+-----------------------------------------------------------------------------------------------------------------------------------------------+
; entry ; Input ; Warning  ; Input port expression (4 bits) is smaller than the input port (8 bits) it drives.  Extra input bit(s) "entry[7..4]" will be connected to GND. ;
+-------+-------+----------+-----------------------------------------------------------------------------------------------------------------------------------------------+


+--------------------------------------------------------------------------------------------------------------------------------------------------------------------------+
; Port Connectivity Checks: "disp7seg:dispSeg4"                                                                                                                            ;
+-------+-------+----------+-----------------------------------------------------------------------------------------------------------------------------------------------+
; Port  ; Type  ; Severity ; Details                                                                                                                                       ;
+-------+-------+----------+-----------------------------------------------------------------------------------------------------------------------------------------------+
; entry ; Input ; Warning  ; Input port expression (4 bits) is smaller than the input port (8 bits) it drives.  Extra input bit(s) "entry[7..4]" will be connected to GND. ;
+-------+-------+----------+-----------------------------------------------------------------------------------------------------------------------------------------------+


+--------------------------------------------------------------------------------------------------------------------------------------------------------------------------+
; Port Connectivity Checks: "disp7seg:dispSeg5"                                                                                                                            ;
+-------+-------+----------+-----------------------------------------------------------------------------------------------------------------------------------------------+
; Port  ; Type  ; Severity ; Details                                                                                                                                       ;
+-------+-------+----------+-----------------------------------------------------------------------------------------------------------------------------------------------+
; entry ; Input ; Warning  ; Input port expression (1 bits) is smaller than the input port (8 bits) it drives.  Extra input bit(s) "entry[7..1]" will be connected to GND. ;
+-------+-------+----------+-----------------------------------------------------------------------------------------------------------------------------------------------+


+--------------------------------------------------------------------------------------------------------------------------------------------------------------------------+
; Port Connectivity Checks: "disp7seg:dispSeg0"                                                                                                                            ;
+-------+-------+----------+-----------------------------------------------------------------------------------------------------------------------------------------------+
; Port  ; Type  ; Severity ; Details                                                                                                                                       ;
+-------+-------+----------+-----------------------------------------------------------------------------------------------------------------------------------------------+
; entry ; Input ; Warning  ; Input port expression (4 bits) is smaller than the input port (8 bits) it drives.  Extra input bit(s) "entry[7..4]" will be connected to GND. ;
+-------+-------+----------+-----------------------------------------------------------------------------------------------------------------------------------------------+


+--------------------------------------------------------------------------------------------------------------------------------------------------------------------------+
; Port Connectivity Checks: "disp7seg:dispSeg1"                                                                                                                            ;
+-------+-------+----------+-----------------------------------------------------------------------------------------------------------------------------------------------+
; Port  ; Type  ; Severity ; Details                                                                                                                                       ;
+-------+-------+----------+-----------------------------------------------------------------------------------------------------------------------------------------------+
; entry ; Input ; Warning  ; Input port expression (4 bits) is smaller than the input port (8 bits) it drives.  Extra input bit(s) "entry[7..4]" will be connected to GND. ;
+-------+-------+----------+-----------------------------------------------------------------------------------------------------------------------------------------------+


+-------------------------------+
; Elapsed Time Per Partition    ;
+----------------+--------------+
; Partition Name ; Elapsed Time ;
+----------------+--------------+
; Top            ; 00:00:00     ;
+----------------+--------------+


+-------------------------------+
; Analysis & Synthesis Messages ;
+-------------------------------+
Info: *******************************************************************
Info: Running Quartus II 64-Bit Analysis & Synthesis
    Info: Version 13.0.1 Build 232 06/12/2013 Service Pack 1 SJ Web Edition
    Info: Processing started: Fri Aug 18 14:19:11 2023
Info: Command: quartus_map --read_settings_files=on --write_settings_files=off memoria -c memoria
Warning (20028): Parallel compilation is not licensed and has been disabled
Info (12021): Found 1 design units, including 1 entities, in source file memoria.v
    Info (12023): Found entity 1: memoria
Info (12021): Found 1 design units, including 1 entities, in source file ramlpm.v
    Info (12023): Found entity 1: ramlpm
Info (12021): Found 1 design units, including 1 entities, in source file disp7seg.v
    Info (12023): Found entity 1: disp7seg
Info (12127): Elaborating entity "memoria" for the top level hierarchy
Warning (10034): Output port "LEDG[6..2]" at memoria.v(4) has no driver
Warning (10034): Output port "LEDR[17..1]" at memoria.v(5) has no driver
Info (12128): Elaborating entity "ramlpm" for hierarchy "ramlpm:RAM"
Info (12128): Elaborating entity "altsyncram" for hierarchy "ramlpm:RAM|altsyncram:altsyncram_component"
Info (12130): Elaborated megafunction instantiation "ramlpm:RAM|altsyncram:altsyncram_component"
Info (12133): Instantiated megafunction "ramlpm:RAM|altsyncram:altsyncram_component" with the following parameter:
    Info (12134): Parameter "clock_enable_input_a" = "BYPASS"
    Info (12134): Parameter "clock_enable_output_a" = "BYPASS"
    Info (12134): Parameter "init_file" = "memoria.mif"
    Info (12134): Parameter "intended_device_family" = "Cyclone II"
    Info (12134): Parameter "lpm_hint" = "ENABLE_RUNTIME_MOD=NO"
    Info (12134): Parameter "lpm_type" = "altsyncram"
    Info (12134): Parameter "numwords_a" = "32"
    Info (12134): Parameter "operation_mode" = "SINGLE_PORT"
    Info (12134): Parameter "outdata_aclr_a" = "NONE"
    Info (12134): Parameter "outdata_reg_a" = "UNREGISTERED"
    Info (12134): Parameter "power_up_uninitialized" = "FALSE"
    Info (12134): Parameter "ram_block_type" = "M4K"
    Info (12134): Parameter "widthad_a" = "5"
    Info (12134): Parameter "width_a" = "8"
    Info (12134): Parameter "width_byteena_a" = "1"
Info (12021): Found 1 design units, including 1 entities, in source file db/altsyncram_lqe1.tdf
    Info (12023): Found entity 1: altsyncram_lqe1
Info (12128): Elaborating entity "altsyncram_lqe1" for hierarchy "ramlpm:RAM|altsyncram:altsyncram_component|altsyncram_lqe1:auto_generated"
Info (12128): Elaborating entity "disp7seg" for hierarchy "disp7seg:dispSeg1"
Warning (12241): 6 hierarchies have connectivity warnings - see the Connectivity Checks report folder
Warning (13024): Output pins are stuck at VCC or GND
    Warning (13410): Pin "LEDG[2]" is stuck at GND
    Warning (13410): Pin "LEDG[3]" is stuck at GND
    Warning (13410): Pin "LEDG[4]" is stuck at GND
    Warning (13410): Pin "LEDG[5]" is stuck at GND
    Warning (13410): Pin "LEDG[6]" is stuck at GND
    Warning (13410): Pin "LEDR[1]" is stuck at GND
    Warning (13410): Pin "LEDR[2]" is stuck at GND
    Warning (13410): Pin "LEDR[3]" is stuck at GND
    Warning (13410): Pin "LEDR[4]" is stuck at GND
    Warning (13410): Pin "LEDR[5]" is stuck at GND
    Warning (13410): Pin "LEDR[6]" is stuck at GND
    Warning (13410): Pin "LEDR[7]" is stuck at GND
    Warning (13410): Pin "LEDR[8]" is stuck at GND
    Warning (13410): Pin "LEDR[9]" is stuck at GND
    Warning (13410): Pin "LEDR[10]" is stuck at GND
    Warning (13410): Pin "LEDR[11]" is stuck at GND
    Warning (13410): Pin "LEDR[12]" is stuck at GND
    Warning (13410): Pin "LEDR[13]" is stuck at GND
    Warning (13410): Pin "LEDR[14]" is stuck at GND
    Warning (13410): Pin "LEDR[15]" is stuck at GND
    Warning (13410): Pin "LEDR[16]" is stuck at GND
    Warning (13410): Pin "LEDR[17]" is stuck at GND
    Warning (13410): Pin "HEX2[6]" is stuck at VCC
    Warning (13410): Pin "HEX2[5]" is stuck at VCC
    Warning (13410): Pin "HEX2[4]" is stuck at VCC
    Warning (13410): Pin "HEX2[3]" is stuck at VCC
    Warning (13410): Pin "HEX2[2]" is stuck at VCC
    Warning (13410): Pin "HEX2[1]" is stuck at VCC
    Warning (13410): Pin "HEX2[0]" is stuck at VCC
    Warning (13410): Pin "HEX3[6]" is stuck at VCC
    Warning (13410): Pin "HEX3[5]" is stuck at VCC
    Warning (13410): Pin "HEX3[4]" is stuck at VCC
    Warning (13410): Pin "HEX3[3]" is stuck at VCC
    Warning (13410): Pin "HEX3[2]" is stuck at VCC
    Warning (13410): Pin "HEX3[1]" is stuck at VCC
    Warning (13410): Pin "HEX3[0]" is stuck at VCC
    Warning (13410): Pin "HEX5[6]" is stuck at VCC
    Warning (13410): Pin "HEX5[2]" is stuck at GND
    Warning (13410): Pin "HEX5[1]" is stuck at GND
Info (16010): Generating hard_block partition "hard_block:auto_generated_inst"
    Info (16011): Adding 0 node(s), including 0 DDIO, 0 PLL, 0 transceiver and 0 LCELL
Warning (21074): Design contains 3 input pin(s) that do not drive logic
    Warning (15610): No output dependent on input pin "SW[5]"
    Warning (15610): No output dependent on input pin "SW[14]"
    Warning (15610): No output dependent on input pin "SW[15]"
Info (21057): Implemented 143 device resources after synthesis - the final resource count might be different
    Info (21058): Implemented 18 input pins
    Info (21059): Implemented 82 output pins
    Info (21061): Implemented 35 logic cells
    Info (21064): Implemented 8 RAM segments
Info: Quartus II 64-Bit Analysis & Synthesis was successful. 0 errors, 48 warnings
    Info: Peak virtual memory: 4620 megabytes
    Info: Processing ended: Fri Aug 18 14:19:13 2023
    Info: Elapsed time: 00:00:02
    Info: Total CPU time (on all processors): 00:00:01


